............................................................................................................................................................................................................................................................................................................................................................................................................Bingo!
Magic evaluated: 101100011
..................................................................................................................................................................................................................................................................................................................................................Bingo!
Magic evaluated: 110010101
............................................Bingo!
Magic evaluated: 101101000
[x] Opening connection to up23.zoolab.org on port 10965
[x] Opening connection to up23.zoolab.org on port 10965: Trying 140.113.213.213
[+] Opening connection to up23.zoolab.org on port 10965: Done
1685101608.0431483 solving pow ...
solved = b'28498603'
1685101632.9034655 done.
[1;32m** local md5(runner): 46dfe1ccc8ef9c8015f640770ca54c89[m
md5 (/rootfs/pFEwW4/runtime/solver): 46dfe1ccc8ef9c8015f640770ca54c89
[*] Switching to interactive mode
! rlimit enforced
# oracle: connected.
.......................................................................................................................................................................................................................................................................................................................Bingo!
FLAG{@_simP1e_Ptr@ce_ex@mPl3_3d41a72c35c03e74c6fdd37c3225e73a}
Magic evaluated: 000111001
** launcher terminated.
[*] Got EOF while reading in interactive
[*] Interrupted
[*] Closed connection to up23.zoolab.org port 10965
