ba
49
13
7e
4b
b4 3e 81 56
f0
fd
b5

1234

3412

d6 ac f7 90
6929a8ec
e7a1ebc8
dc66e05
339262c9
eff09c7d
7a8b743a
5a599acb
425d74ff
bcc412db
2b87efac
c05c358c
74867aa6
490ac03a
b9279ffb
bdf08fd4
978b2719
38c07f2d
12e14686
ed324673
a94fdd22
e2f023da
515c3d4a
bea693b9
b2497b6a
a695ddd0
6b1666f1
135ddf9d
e1975c67
9fd79abf
fc625dc7
2a9393ee
84e06353
131b97c2
a9d9004d
de355329
dd6fc126
77032ecb
fe7035a9
c285b0b9
b113691a
8e891c2a
d00ba1e6
fbc7b1a3
fe4e9b9e
4c62fab0
f96676f5
8e9e7e46
da48a1b9
16088421
a206f43e
d74a7f75
b5644e4e
ae41b3d4
83f770c6
648d350b
d9e0f316
5135a9eb
94fd4cfc
5b8e934b
e89aa7f0
8dfbe200
1ee51c9a
6047f92d
be53764f
7d4f605a
6a8d5499
dfcf1ff1
a2e78e10
d3c526df
fed63852
5bead8b6
2b69ad1f
82a2c066
fa1bde30
53b1e2b5
8621e1ac
c4b6a506
fe4624fd
9e34bc9a
9b4c1b83
1cf405da
701cfcc3
25cb1304
8ad4f991
39e389aa
31e395cd
62615d4c
42ece503
1db23d07
c3337163
1fbc4954
5310e472
ee5b5156
96f8c8f
df0a4bc
a8122ae4
aa96182e
27a8d061
2b32b27c
c9f26515
3c26fbd6
fae29e87
59223dce
838a76d5
7ad546be
e8389a92
90123b48
7f047e6d
8c9f8874
afc9a8f
2d30b30e
c574d7c6
cb3ded1c
a827f66f
9f98721a
5b85dbbe
6df05667
7a46c712
9436fdd0
3de70f0b
448e2620
a99dd4a1
616828a2
530eee07
b1165e0b
8897de46
11194e0b
b60cdc56
3b275e33
d2c6dabf
d04d2e4b
b67d3e3d
84b230c3
55018e8
2e944337
27f47322
6957d191
47c3cac0
fa339ad2
b8c7ab49
f8dd415e
898f09f6
8f693f9b
e64dca90
9dcfb913
a54f6e1c
e75e5bcd
ac5a6c10
8c90b1aa
84f9bb24
f4e1aced
2e475e39
7e7e760a
28f978b2
10dce1c0
23fb09b9
231fad8b
13b0b288
ed26f9fd
7d198af5
b3102268
f9129a6e
7e35a56c
67e0ac6
57168b77
c5ea4bf7
3864f431
aa30b6e3
6a3cd329
2f957b18
b4ea5390
84d2d809
11b9882
8a91ee42
927f07aa
7937458f
2a137249
dffda848
17b5e67b
b30e6ecb
71f378f9
bac3aa57
6d2a64f3
613ad766
381d90cf
527fed07
e460d751
c510e57b
6fd34fa1
d3bd0252
574c4cf5
47e1815f
bf3e27de
29a7d6f4
e59dcb6
45bf804c
55af0082
2aa4c2d9
65768bde
9a409d93
1caeecbf
8a9a010e
c4104faa
e68933e3
9f4bba47
3635f697
73c7e16
77f6c67a
a5f4a19e
9d6eb44d
7e54e32e
349ad403
e3b05f3e
96dc4926
eb1c311c
e6b907ca
1ddb7153
8d8e1eb
c0fdef62
15ce6049
a9a94c03
56e0b0e5
ca19ced7
775f700d
707514ce
245beec9
f7fc58f5
c2ccdbac
b83359a8
24d3a34f
8ac50b8c
ab1aa8a0
7ce0b3f2
8a8c3ddd
a354a05a
9e264cfd
ec5ef507
fde2b677
c3de7542
26853453
8a104ae0
231c820c
a3d5e5e8
5db85c08
3f90828b
ff57ca55
8e18aa71
72f60af8
5e64fd82
48d501b8
9ddce6fc
4eb68a3a
dc034c98
40b29fe1
c1da6737
d4344bea
b217f750
cdf655ec
dd382baf
b1f41cc8
ae3ab14b
e71e3c52
5bbd5a14
474aba21
57969020
bbd9f572
771c0a8f
7fad531f
5728c05f
f3001902
2796c734
64edd9ad
be8432e3
2f999bbc
5e92e18d
b8840ccd
92d89fa2
491fee95
f9b6906a
a8b6514c
208a6490
46bf97a6
6f1fc66c
eac5c647
86cbddc5
df4aae61
a4f94437
880e637d
771ab7a7
ff39d5ad
9934b7bd
e27a2c0c
57602b99
1aa25116
bc03c358
a263dc8d
27e8e922
74339708
af8e5ef8
5d4f3659
3cbd3c99
e4bae1b6
80d06cc8
4533f7eb
246f446c
cd98bda3
fc2ab012
e9af538a
dbab0451
a4a097af
c7aa4703
743cef92
3025e870
869adfb3
4768e3ea
160c8426
2083fac6
65dca154
678eab10
993f8bfd
ef7c66d7
49a0eba6
16e93350
3f30f294
37a1e3d1
8a43ff4b
2ad4fe80
eede5afa
e6f07578
3aad2e58
596250ba
b27e79e6
4b80185b
1b3ab30f
c36bb479
3f0cb2e7
1b5088ad
9e8e3239
bbfdddbe
24cdf39e
c18faf11
f2eaec64
ad91e1c8
475e9481
5740820b
c2d9b0a3
d2c57558
2a891e46
8db345c3
d155511e
fa3c1061
405158c
990ea293
47c5550b
80526c92
48aa41e1
1ba33b94
2e45c934
1d5c75a3
5db5749c
f7af208f
253fca74
95e74fc8
e8ba239a
958bba0f
74b88fc7
ca7178bd
a553637f
1b51ed18
b88b9ba3
59ab0135
dd84754e
3cc90bca
3e835a25
816d9c38
cec1791c
bcc7f401
439152ae
43c92c4b
7648d955
e65beb00
691cb0cc
63be0e70
144b7f0f
fb88ccd6
1ab25533
ce0bf836
ca820ad4
4000905
64f9856e
a53d33bb
fe8a6205
27bc421b
b4b36b85
6e672afc
44da54c2
15fcadf7
58e79ba
bc6719d9
f8c9b7ef
e6b0137b
d23b4bb
bb2d7a5
bf900fb2
e0aa2489
952085e7
584493ab
e7ec8000
d5c69ca0
eb86442d
c79c3060
98efdd98
de579e7d
57539abe
b857501c
52ae9f07
63985fd1
53c26f4a
37761352
7efc1820
37dc141d
9e079020
a7c885f4
10217d8e
2294fba7
c1bcea30
2c075aab
c7c80a5f
f9291f1b
a51db180
6f38f7cb
5087d2d0
579ca449
421a8f12
b79cc116
a732ef78
d533453a
7f987cfb
cb2e8fb9
fa8aedc2
8b60bc46
d7f2b768
16f19fba
c1c7101a
bed666e4
c19a2e0e
5eb01221
deb64c
b66b42f8
455f6e07
40eec91
5d7fd942
31cbdd17
563dfcf9
6cd150c7
eabbf831
d0dc2ad
af9923ff
62687160
3419213e
d845f5b4
4f4c36f5
7d5502a
ed41be40
932232a0
2c479730
1f3289c6
707250fd
66dec6b0
4df7d3af
177738b2
cbe02485
fb607b7a
48845dc8
ecda7c9d
7f06c51f
7251ce52
fc147a27
1e7ce956
3867b19e
1bf664af
48ce3b28
ee75b941
8c265553
7ff1da1d
29029768
12cff4e3
bbed0e2f
705d0471
6bf75d37
810feafd
2257f360
b94f1e6b
6d87d7cb
7c1a5ef
896923b8
a9ed238
5ee0f913
8b79eb06
4e670b6a
c5237769
a2d2d7f3
6c4c5ec0
e622dca9
6331521a
39e1e440
3d175c38
d7a1f667
7aa34528
ce328265
eb17579c
a61df5b5
29d404fd
eec9b54d
f0043d30
c0b7b527
b4996389
8d1a20e6
c249733d
fd8f257b
c5573770
9bb026e
93a8e15c
f8d50e4c
2685c708
90b1119c
1ea436ce
7524878
3bcbf61b
fdc52bcf
334bbe7c
e0f7e7e4
22056e11
8cae44f
e14e065a
9caa6a5
3dca1385
a914d173
f4e2a1e9
dfbf1b67
68f17070
2d038795
a73e3455
d00de309
2a70cdd2
ed95dbb
8c4eefd0
45a0ae54
5de14e6a
92a33f30
54c49c6d
e5d5928f
aff28ee9
6402a4d4
30d343c1
c03b99c4
b431ed3f
215a5b6f
2194f167
3e784c05
bf3a4d51
a9c04b88
3d21ef60
f9dc9b03
3dcb8c7f
da33928f
28ecc008
251ed8df
4ef28920
7db37fc5
cce13def
19898112
2b2e3ae3
dc814cc2
2c4b1afa
98c7eb85
684b4288
370da56d
31e830ea
40706fb3
bd691aa3
243e656
daab2761
bf35299d
b0823ce8
a9627d63
7ad7c2ec
fe76a605
fdcfdaf7
f2c82a1a
f5f18b8f
159f5e3d
ce174cad
3aa0000
7d97441a
6fb33b00
5ebd71f6
21563968
9958e08b
630649da
1d740c68
c73d984b
cf54c5b3
3e51cd24
a0ab3119
f73e969c
bca80cde
f4d98ac0
598bf883
8ac0d722
3c9dfa73
12229b5a
6c6a3379
d4c305c2
140437c9
4f9c3178
443116d9
c9c41386
dc8d0815
e0aa7d38
392ed7e8
13d4f5d6
e4c608ae
80963e51
1310b56
15733dcf
5ca2796
d9297234
5b0fadec
77f66f13
e5b5c792
a08c29e7
de6b6a50
3d6dbaf8
72651e17
3830ab93
f5ff4c05
a169dac6
54b32200
191755e4
2d562e8b
93b33320
56216cdd
a554b130
1ac91d4a
2043007f
e4dcc0cf
2a66c348
2b1f67d3
7e409d84
85eab671
49177be9
276ea81
56af5729
c816fc7
ad0d39d7
9e5240c1
6cf8f473
ad9e124c
a5a3c867
2f97c5e6
c8e61473
86b6f34c
d7bbb1d5
5b1f55fc
4f5ae109
c6d9871
5cf30ee3
82f2b3a2
660c8f73
23691319
c94bc1bb
53da3643
b62e0178
488f5bd1
c9e07826
21b892c6
8c9aa86e
86136455
5a43e132
ba51a99d
c23cc6be
420f1f2f
d5a1c501
d2d13bad
5475f63b
4ec71dc0
b7f6a2a1
54036e25
a41a9c92
c9f66dfa
14b9ebae
c0a153
941c86d3
5a8ee60
6806bffa
97fd2a42
86b8da0c
49715c5a
9f0e1c42
9807f383
127de6ce
1143ca74
89706546
38992d8a
1d8028f
9b841691
ee3e9c44
b7e4825a
2318bd8d
70ba8b1e
7d8708b8
b560043f
e2c4fed1
609981d2
1b13f8a1
75552d91
df6f8698
f80568df
ebde309e
9669edb7
332d31ed
448216b
ce32bc2d
a3c6f14a
79ba1480
7c68f741
1d3831c8
fb80fffd
30995c1a
81cf4bac
54bbf725
793d342a
7dbd7142
9d0a699c
a1e03373
5753d50e
65615b9b
f6793393
17c89a3f
24dd9182
aec0a145
88c3cbf8
d30d8444
cbf503a6
e05e4dc5
4f523519
44eac890
6943c2a7
39d2064d
2c43dbb3
39c18396
b0c19f22
df32a73a
d2b5f6fa
417af792
887df03a
98d71140
bc326be4
95848828
6f8a75e2
d5edbedc
aafb1ad7
876c143f
dd7ec13f
1a8c09c2
9cf2544d
8d584db3
f36f6c8a
f4edc624
63853667
bdb6ec02
26a1568d
fd42e2d4
c27192c7
6afc31fb
8a940e9
f0d8b3a5
5bc07844
c7e4393e
3983e270
4300d675
36bed059
24282a2d
3ce31916
f052a068
4f7dae08
8c6a761f
49689ad
58f3c707
1c74c3ef
f903251d
4d8e9db
d8c26098
621fa0a6
99d69ba3
8317dcd7
7218b9d5
ad309641
e402ea13
af57d454
8a7cfed4
825d16e6
74f386f3
a093cde6
4dfabd07
91d546fd
e22596ad
30d8bae7
f74592f8
5b8e911c
2e9bdea5
6df3a0b3
987a1b23
36f47c7c
536e64b
50d18fb2
e520d32e
a6995a13
5a21472c
27faa81b
434b9cf
ef19e659
507d1ff1
a14047c2
b2e9fcce
d8dee184
db7346d1
823873ed
61f4b92c
f06a672b
9f78413b
f6dd8498
14699d76
deab6e8a
e4a306a5
16a5e8d7
c07505be
cf3010f2
25b07070
58b4d899
6d3f3193
ba1e48b2
78643c56
bca0da59
f582ad0a
418494fa
ee453861
199202ae
d5d8f83e
7138ba7b
fee387dd
a352bf58
8d9c7282
d04ab34c
e2f228ff
8be55031
5a924603
98e4d2f6
82595584
ad4f77dc
28eeed3
cd6f0d3
27352669
f381fd0d
1ea764b9
b7881d8a
ec965ada
dce37a32
cd5cad2d
2d7eb04e
d62cb964
8030be
ff679964
3b581c1
eee8b104
f99df176
9fd80673
e249c70d
2cdcd5ca
c41a4b83
3a837ba2
690e2719
d67c45f1
a14ca3d8
f31ececa
5426c94b
882e54a6
fa098796
ee0afdbe
957dcf2
aec302f4
ce684e9b
967b0b1
15a83644
867bd9c2
81c7c0fe
5564ead5
e8182be0
30c68964
cfb823e5
582e23de
ed30e05d
7885e739
67f3668f
e4f8714a
438293bb
743e11ea
e2567da5
c29cf7fe
b3e94917
d1c035b1
a162724
2086f22e
5304514d
7b9222bc
7532d3c0
469a6262
b41dbf1f
499b1c10
25af2e93
8d5a6931
c24e0198
7b1ba4a4
7f3e3db7
9ca23327
86cf6e62
68d890e5
9586895f
8313e88a
daacfea5
b464fde
d26551e1
b2408683
1100fbdb
a29336af
2a6f2fee
9fe0ecbd
31861afc
9162b0c4
58b32e04
e3ecdf82
9c674cc4
706731ed
d623f37a
1a78b0cf
f21f25be
adc485
779fb2ed
4b0888a0
aec9ed9b
bf4fd938
1d895f30
c5f54f10
7a2c5757
ffd4d2df
855ce3c0
b26221c3
308522c9
53b006a8
16446e28
b7780863
93e7b825
cce80b86
6b1317f0
942619dc
58c5376
f3142315
b2a6b909
72252cd2
106171fa
ffb195bd
55bab213
b780863f
d4dd0b30
8ce8eb21
79594460
f3840d40
fc85c06d
18c66798
d85daced
8174dde9
637488
ffb309
2d927324
dfdb3df3
e51edf8c
d3b03ad9
91a08b30
c118667d
96604e00
519e0fb9
92604522
1cf98ee6
58f35c0
f67edded
e2ad77f3
bbd6e310
ec7bbcd5
96191a0d
2ffa75f4
58001518
55802bb0
4ff1e720
b6e0110a
4d9d4d41
5f0a9f3b
5cfaf16b
e45e79f4
8051e9ed
afb476cf
c7da9261
eec283b1
7571db3e
40860b8a
f54b7080
817e4d4c
8599d6fe
78fcd58a
be1f2fdd
e6940bbc
7d1e459f
aaf8da18
370a8f56
540cb75b
794303c0
2e2a411e
96211ced
c4cf0b92
f82b0555
171ced76
75d6989a
3ac2fb6f
6f99b3bf
d0f92db8
e39cb78e
397460ba
fd2de46c
3ad23437
73c28edf
eb92ed06
929f19bc
2e2428c1
36a9f2f3
34532ed4
f8484b70
1c4b6e1e
e40a570d
698d53a3
acc3a87
815bee68
f215bad0
4f22ef42
9f3c89f5
237912ff
18d40f0b
5ab73
28c72e29
d4345f71
211c0888
8e451964
53f8aa90
87833802
19ef110
8ba60c6a
2b970d01
fad31dac
c7d149f5
cee670e
d3ea3067
7a0decbe
3f727a12
9832683a
a83b6c66
c7abc957
74ee55f0
e2bbc8e6
816a3e
e9021f
5b4f8c8f
e8986e6
9990095c
a4936162
5352b181
c870273c
e1e9427d
13fb215b
bc8fac2d
899564ca
18935140
2e218d82
a73110dc
5668a7b2
7b1b5751
a9d1d66a
e3e0b85a
5d507d71
c1b701e3
ded31509
b365a743
3c45954e
e9c05040
b6a9a64f
fc6d403f
b191501
917f393a
a28338b0
4a16f8eb
e062c531
503d8a33
9b9b341d
428ef8ec
b18e0445
facf9061
194eae34
37a45593
43822164
a5d4fa2c
c7b3a241
3a6bd2cc
b742cbea
c0659c5
49b561d
52b1e4fd
1b4ea2ee
6f31b6ea
d70bb1bf
afd6889a
b604aaa5
18fbcf52
58da50a0
24e59c5c
7204cab9
968839b8
6cfbd0f3
c84243d
9cde188b
7e03a179
6ea8d0b4
867689f6
73a2f5a7
40e04aad
a766f0b6
d3475d6a
9b5cec43
2cbcf436
3ce351a2
9092aee7
1c5b271b
e89f8956
f80ef524
ad9494ec
daf2b97
36657c57
fc4bbcdc
64d6fed
b283472e
ba9a59ea
37e48de2
b754d340
7a25e411
c776b708
35b35809
65ef520e
7f244e8f
db657732
43b388f9
c1f5162
b4904284
cdb9b0db
ff60d406
20c8b1e4
1b34db62
bce5319
6944c322
2659e369
a733edd0
9a71dce6
45d90061
2ef5c4fd
4ef00a5a
3c2f92a3
9353484e
e40547e3
8ad3b1be
f8be8a33
85c41986
3c17a0f9
f4e847e5
f4125e2d
b081a6b
4196b23b
83bdc08
8f224e14
dc69be17
13112b59
c8714f41
bdfc5bc4
978fa201
a3a72262
53bf9c65
ac96d983
b5ebe8ad
7a7caad3
30936e8e
9003b9b
88fa4a97
edd69135
269f7cf8
df4a0308
3b0ff25b
2e610380
419cec5d
5f44d92c
8e5e02eb
fb8ee21d
9f50a824
bba0553b
90d2361d
fc165
a4ab090f
fd002da5
53a6ead6
bedb7a45
67cf9e25
7d4da2de
9080abae
a65fd21d
980b05a3
ab492669
88fa6d7
886a7df
4efcc427
fd1bdfce
fa44fd2a
a1339eef
6399e33
cc9559e0
89098b70
d425f0d8
29955173
93b7ba15
fd213a16
8c32952d
3fb9377b
bb964848
de53c41d
f0282d4f
8844ed43
d1d8288
ea6dae50
2177f0a6
4c83ee0c
4a86d58c
797c1eac
c665a311
701f5a1c
5d276d40
9432e959
26dd3eb
20d5be04
1c34ff28
82210c5c
2c770a65
f99f3994
8cede40c
e7e4ae64
d4b23467
9c711f39
9f315ed
3de5d058
b8ffae04
2a741626
1b44bea6
ff7f1db2
92922054
dbb6aec6
1f7c5dd7
bb224bf3
683cb4c1
8587f529
98cd6d6b
a38d6d7f
a1d23ffe
8cb8abc6
55ecca9d
7c1e0eeb
78a1a693
251193e6
65392490
b198f7cb
44e58d4e
a6916461
eb2561b3
b0555361
167435dc
488aaf41
a348ec17
1cc1451a
2c16a979
f0e08202
74176cff
90edecb8
1392b5fe
809e78cb
da8e3236
70971f73
bf841728
83d5aaa9
78dc342a
fe0a8f50
6a064694
3e920d4e
32ac5b53
52695ec2
4cc4349
e0c478e3
b04871b1
659cc3da
27afe63a
3ca6023d
1871ad3d
21b1d7f5
c465a586
829f3d41
d9b080a9
cc9243b6
c73e0b24
5105f9ea
6677a36e
58ac6b43
e6b73970
e4279700
ab2149c3
5adad2d0
2ffd9780
d50d486e
44bdf6be
20640923
9c44a303
466475f4
23ac12f6
b9abeaea
1e1a0ab0
e4d48491
ae1e3d80
efd594d5
76f0d3fc
2bd52211
1dbf86b0
f4e14dbc
1e30c9ef
962b62ee
c0adb68f
6c115cf2
5992b275
d2e67d3e
c56c8c91
6829e386
97414cfd
6818455f
8a7e57ed
da35016e
2be9060a
238049a8
8cba1861
9764aaeb
e2502d8f
dd9a2fe
e41e79ea
fff03db0
2c5fd2d6
baeff1cb
5f682318
d552f6a9
70153d6a
3c09fa93
9557163e
fc02c140
1c481f82
ae8a903
37e3a24c
53ee1a34
cfdc61c7
bd32b3fa
dbb1bd22
f1ab0810
8ff8ac9a
f9dcef60
cfb2cf2e
e60a3fc7
c982213
3a5ba1ef
3851365d
632f5499
55df6e17
fd9c8dc2
1063518a
a7f6e03f
b3516528
943a8f02
224a85e5
9713b243
327f90ef
a1a30231
601d87ad
41f86cb5
a9c07c53
ea4e211
b2b071d3
36ab088f
dfea3447
9652f04d
85d23e48
d08d3923
a37164c7
c826c5bb
eaac5f39
77fe1d2b
f02819a2
1f5c5045
a14f6154
bcfa4b10
dda8cb9e
2d219058
3d7163cc
98e81d5b
98142f3a
da81de6
6d82de35
570910f3
42fc1f2f
d6af2da8
7e684ead
4ad36e90
684f6a2f
bed5099f
cb847bcf
54afa92c
476d81d0
398484de
e59dd26c
a2397db1
1a6afe2
9b976f29
8e17f2a0
801cd114
11d056cb
febc9038
a5794990
fec90dc8
b3bfbd9e
17677f43
396e6c16
286f80db
ede761f4
5bad384
3460a7f3
51353607
57d5eccc
a530e5ed
df6c254c
b701f13c
7c18b5bd
81752191
ff4d803e
2f59b30d
3ddc46c1
3250774a
b2d75ac0
f826a0be
bcb4fde0
7442f114
a5d3c577
271bfda9
b243cc4b
e39691b0
f1989a97
82ec6db0
50540461
8f414fa2
849fbe9a
2afc27c
55b34ff
39c6b833
8fbf31ec
58f14c73
2fcccd34
3d88d5a0
92ab64a3
d34944ef
30efb6df
d69f2287
5176598b
9037a1ca
5ded1f78
f16ce28c
de12f41b
a508e36e
291bdecf
9ba1b8da
10bbf492
54e4088
c1c642d6
16285472
a779e971
9961d868
a0507000
faeff1c6
c98b8b26
93902778
aa9e84fd
a0588b1
7918af0d
6c1fa233
8ddc07c0
5b0e9e98
fc52605c
df20be19
a332f548
128b4aab
deb9abec
23147f09
1bec1e03
70cfe577
a92a045f
cf053c8
895c16f5
dc790275
c6024898
a4a853df
5058ffb6
f2774cab
6012d197
ac40344
c6df1d4f
4df0a598
c93b7104
24a1e527
8f079570
ca9e3831
99cfd78e
8bfa232c
ee836873
25a1b486
b10cca49
8650164
ca00fadc
4e0f2a12
cc7358d3
2d579352
76227b47
38ea3f5d
ec4b5d8b
24847b52
f2fbef23
b3848cca
c6b13f7e
aff6b535
a7f1d597
69bb58fd
9fe17220
5a6269e1
6cfca871
93f3396f
145c14a
ccc17767
3c9105ab
b6c528dc
6336db49
a42f5631
ca6c57b3
e2fb911e
973192f2
46533f22
6889b00e
9820086a
222ef282
724b8f2a
9af3063f
c8999c38
c789955a
13a0041b
9b05ca65
2cf7fe3b
a5aed126
546c701b
28d93767
139c00a
ca59478c
ff2d32e3
f79a974d
3b4d19c8
89cfad99
a8f224c2
b3d8718b
c0fb7b61
6e5d49b
7f7ca1ea
9f00ac74
a02544ae
7d9af491
b4c9a674
2bf8b602
667ef652
fd8e65ab
2935f528
fcf86482
ef086c7
121bb7e2
ab8ac5f3
296d6c85
41553052
4120c0d1
d23ce020
6d457261
24ceeae0
66f2d998
915492eb
8f9af7d2
893d8d29
5d7eb272
82515a76
16f49142
e13e2910
49248cc8
ef037292
f94d3058
a2e43a6d
f12a7521
1a8d5e6f
e7823f5b
494f4e75
18f3daa3
e160a88e
d2766a9d
35b72ff4
1d0fb808
8a6a3403
494a6ba8
5d13926f
f8704c17
501f1bd
7c6fa7e5
2c2a6d99
1d0646b7
cc090489
86131558
52fe9f06
effc345e
4794c272
9efb7d4b
f266bc0a
35547cd0
f00d7e9e
e8794d21
110de0e9
9938160e
d2a715a7
bdf4fed1
8341dafa
45894f4a
df83cb9c
64a23281
6aa2549e
66dfb237
171005da
2f820976
c1e464d6
8647b1f2
e3756ec0
ff13f482
4fa9984b
a912250
adf2c885
21223133
a37f66ab
807d8303
3247e520
b5849ce9
39be1c64
4f2050cf
223e7ea3
5a45e423
e379e08c
9615c6ee
4f4c9528
bb719ef6
2d73c602
c146db65
8e87e268
c993206
49138d16
b5097b5a
72366a8e
1844abf5
86f26764
fcc4a930
e6075709
8d53c981
37962368
906f86e2
b8904be0
25d8e603
11e2e71f
c169a069
c987ce02
d270129b
5b188779
8df5cd4f
f207a639
794478f9
d9e7608
222af3a5
cd11af7d
bd2604a7
d2e64d96
8b8a8b76
9976b162
717aab59
988132e3
4bc26209
e51e32
74a45bfd
a5ac0299
294c97b3
a8d3a290
10adb671
189832d7
aa16e5aa
e254673d
ea51b53a
b4d375db
40b14e49
273eb22b
f9a2bfbf
e50e4565
21c8e5f3
6397966c
41f00943
99066b3d
a0f741d9
dcdb1a4
f84a2666
e47ba260
c10c6cf
99df661
7c0abe70
6c3dbcbb
cba937b
6ee6065c
533a53f4
4bc17503
39e7af59
b6f7bd7
b89ca475
e7145993
e64ef4e2
b37de98
1b48efb2
80f92758
b6828a96
1db9328c
490789f6
ef4755c1
1d715e2d
5c1d70ac
b221a7df
e5afec08
5738f11e
67df0fd4
95944ef4
69687be2
43d6749f
5a7b5f1e
6452db74
86761ad4
660aa42f
4d60af11
2e263ca7
4d24b97
9ad460f0
bc434cf5
8cfa1f2
38fd6007
9311a0dc
6fdb28a5
efd0d943
a48733a6
4de3ff02
92c4b235
da76193a
cd094081
bd6a1a69
ef92eb90
5710f465
3727f1e4
5555f36b
3ed95e24
955d77d6
be2b286e
18b22e06
51130883
74af59b
3c29552d
f49dceee
762cf14
e828d46b
f95a592
eed4ff27
912245e4
f38cc84a
37c848e1
bbb576a1
a7055112
ee776530
79810729
9337ca94
fac9a81
c02f4bd6
efaeb4cd
1ac4f710
83e102ec
cb7b9376
a87fba4f
929d39a1
33862a
1eb37fb
cf0bbda0
ae9c7611
eb39d13
db418834
a43c6e78
52c8b3e9
8f912f8
ffbff8a7
c7c51a83
efb74ba6
1d6fbb32
df1cc5ee
758171b9
ff9075b4
f7e3017b
adafc6ef
bf1c5c4b
3d00cdcf
f95e1841
56039d9b
86baa8cb
51848fb3
bbc35143
885b8388
6bc67812
cf2e8935
3345ae4a
4f24a8c6
20044eb4
1e7b17e7
502fcc2a
ded60f4b
28761bd6
dd1a21d4
3418331d
bf6fbad2
dbe910f3
4a8597ac
6236d2e0
1b35cdfc
4af3ea63
57327e38
98aea656
26feb8b2
f50a4579
d0994539
11a4af70
54853a1a
cb46319f
5beeff5e
64bd1b5e
ba3040a6
2c5104b6
d8528e88
d796f387
5c842289
ddebb3b6
a0c17699
5a0cc7c0
2f4b4f16
d39ffe4
94501edd
af54e8d5
58f77a9b
1a74b4e6
79f97f31
d044342a
bfd7fc95
38e0982a
8b1d1076
8bb1e7a2
3300699c
9b58d3c1
e035f565
9b810f80
447ba8bb
f65d8cb
c798beb9
c1a02090
3954dc15
d576b34e
5b46a5ba
e7781b1e
a24f2058
b3482d6d
30ce3ef9
150f63ce
a896b067
379088cb
a5ccd311
984cea48
7bcca7b1
c3134365
666a84b4
63f59fbf
60c9396b
530dbc0f
df253a85
d72d8174
5add8a75
aee18bab
c96fc3f0
ef7a7205
7458270a
fad01a24
fa1b931c
46c75e8
3acdc780
b94da138
4c341d42
40f7acfd
56ad9404
690c35d2
ce89403a
b7462966
caaf6628
b511941e
2a18a48b
6239e70
cb9500f4
b895c5b1
9410bd01
3b99cede
8481f4e6
7016d0b5
1228b10d
7db268d5
4511e6bf
9ea7139a
26f955ed
3d00f1a8
bc15f211
85c7e62e
969d8bea
849e6232
8cde3d33
27e320ef
fa35637c
efcd7eb6
58625fe3
4f6c6a8a
10f0cd1e
d35f5601
b3dd7206
699bdad6
c7f4a69b
cc7f8409
98ac5246
6a372f49
de30eed6
917c6b0f
2c09b95f
8bfe263e
1cdc7bcb
a4f5753e
dbaef461
dfc9ec9e
c17fb328
429f755d
252fac3a
5033ed23
52d51cb2
712ceb81
6ef8db64
1acb4d29
ca3aac47
b838f643
65a64436
1c828282
c001c177
f7c19baf
b5d8d78a
884d7757
8ab2caec
ecb4afe1
77263ce8
9d04c9fb
599a0e31
b57cc893
e995d047
15bcb3cf
7c8ecdf4
aa12e235
122ac694
64b7d22b
880b5c78
6dda3de3
3402f627
b53bbeb5
c113a1ef
6e963839
ded70b9b
2343872
19ccb7b0
1050361
87f816c1
b7300486
e4b56142
e6bbf6df
27d74b73
c90aafe2
a7eb36e4
edc6dbee
2d0ba301
9aa3ee1e
44f00939
265723c8
14d4288b
5c3a2ea0
e03b5d3f
32016833
7400e931
6cba58b5
4a745375
4f94724b
9ee8189e
222d46d4
4f820ff3
22c27c8d
b2f4bd65
6aabf7e5
c69e9102
1baddb73
b98d77e7
a1399c8
d5263c15
1fc4926
25466eb6
a1db6fba
c22bf16f
e2056114
a0d0433
a7e8598f
1426caaa
d61cc71b
880f40c7
bf004ead
d1c9daad
2a208b56
52943434
251e27ba
7049271a
70e0958f
95d012bb
54a57fc
42ae74f
b9100e37
eb8260f8
67c6ffa9
2ba23de2
c6c4b3b1
7ea985c4
25e5072
60712c7f
dbc8b305
60b300e6
dabfd0fc
28014b9f
668bbdd1
5e5a6bd5
15cd6284
5325cedd
70bb3ea7
2fd5d881
3e505b77
16630514
f28950c
8ad81187
e57eeb49
3e06c146
9e4e9eb9
c22c790d
6fb5ea2d
c4acd640
a7ff2306
4216bdcc
858a953b
8caaf645
d3e2bc7f
cec61233
17f7e529
1747271f
7a35a220
38a65fb3
8d6976ac
20f92bb8
1565e326
a4c5851a
cd536972
5b5b7552
8c789d71
331f1203
32acbfc9
848068e
7c48d70f
18c1943f
bc383009
bb5f366e
d229f405
96215f92
6ab2b71b
8b4a8017
9a413010
5326794
9982608d
dce725fa
fdfe1006
37fd30aa
cfcf4046
37384c17
17554ffa
e057d38d
80039bb6
9fb522c
8fbba01d
b1befa6d
57383d09
7a85f179
6d197fb7
590d069b
e04435f4
2c95de42
45fa6493
eec15c9
a4d94624
61e1bc2e
961e4238
8fbb1621
ddee99b7
684d6da9
39d41a0c
6817910c
5715e29c
8285c42e
6253db92
cac94297
1187f75e
20d95781
5bf12fc5
6d4b00ca
75e9cf2c
bcf80c08
11644cb4
2229ef52
e66b8a77
5cfb203f
a483c512
b14bfb98
a7ae33d0
bfc60a01
f628a8f
4c9820e9
81ed6d71
786bdddf
9d36e5b6
dea91320
b4e29ba2
1f28c646
e8564151
b598cec1
cbc81293
ef00704b
d7a6a04b
6be37f54
d41b2ba9
8956e37d
b638d5ee
4673826
43607cd2
1605e096
6288f4ae
f3b6176a
905012de
ddb078a6
54309348
47671ff8
a5db3667
90447d81
d6b2fc27
fcd6aacd
27d1862c
8e4bde09
5c1a92b2
162f9f7a
f842c34
8011720c
20e373c7
8976b133
86a66726
29dadad6
fa6e7141
facea049
a7a98b12
1dcb7e5b
873a1aa1
2929af0b
a0cdb774
8d14fce7
4a26a344
9c6259aa
cf781c73
cbb6f05b
903a552c
a18f16e0
bc52cb69
f1b6b6c0
3caaec85
5709e453
779774d4
62affed1
8f758bd8
addc3042
434c3af1
2d2a8d72
de35c98c
e71cadad
e5ffb2d2
9e097639
7fe3f98
8d1ac450
b017ed0
7b1047ab
6b55d219
2bffe2ed
46ee8eae
e1bed663
1a868f9b
6a65dd2
ca8c33d0
eb44a8c1
fd5cd260
566ee35b
8532f477
59948d30
340fe6ae
51803f10
657fcc90
86bcd0d4
9ea9b2bb
b3c1e597
41699580
bbfb5bef
251bc2a1
b9c1efa7
f671a505
9868f3cd
7765eed6
d728fc97
e34e30bc
89c7175d
176bdb47
566e7cea
a7d7dd2a
4dbe4680
8fe50180
2c18d14e
9700e813
2d3dbc1b
aab4e6fe
abc2a125
8c03442a
94f20368
33006c1a
ffff164e
9cd689c6
2dacb441
650d841a
312b0ce4
61447eea
5364f129
806a7f7c
c277176a
678fefb4
d3851243
d6b27f47
b36862b5
c371485a
661df671
b474661c
cc0514b
efe23a6c
58c54ef
be8636b8
61d31fca
b5a2b537
10f3360c
34b4d36a
4d769c43
c31e20fb
ae8799d0
a04261ef
fc8563b3
aa4a62a2
5a245ebe
c8be66e4
b009b8a0
a150b596
d8f5fd6
ec4e6f62
7fa0a1f0
24999093
d7fc594d
63fd2572
f591271b
466da418
c0ebe6af
607bd70
4a62b051
2012a486
f10e8d0
b6bbf19
a170acbb
74afaeff
c9260fd
1e618c32
2ed42fb
1cc6dae9
9c4880c3
5b91d9
a7df46c8
35f168ca
2d773bf9
263b77d9
ec4a464d
1c60fb5a
2f1e27cb
ba74d08e
d4862f23
7f8ee118
90219def
6d4b930e
e0ea8a11
6df87d33
ad46e53
f0cb2b3
b51c44fe
1b7ee293
80f741b9
5a6d6d41
880676cd
689cb724
9e982310
87b3731e
52330741
5437e254
a530c182
7563861b
4b93e35b
34e5667
51ae125a
91b06ca
57582499
e95ed84f
665243cb
4591ee58
ba98ae2d
a57d5930
d13d2d30
cc4e2370
34712085
5c5d9a1
e2077b28
5fbc2d9a
5e83630a
8402b031
75658d1d
b6fcccbd
b1b6a05a
a50d1808
e425ea9e
6609ebd
98cbabdd
f7ed6a08
d90dc43b
8d780d7e
e4c1933d
e720c6c8
e6546dc
f4636ce8
a9e77865
1d1a1f4c
582d416
ec09b738
74709116
cf405895
7bb4d5a0
f752147f
817eef3f
7e875a8b
b37a0c00
680a983b
9f3d4f2a
5f04ada3
96065367
1a8b3fed
cbcc37a5
5f39d14e
bbb4b43
8886802b
dc5957c6
d8c0580e
2d66d012
6c8daee4
bf51eb15
97072cc
f715717a
b079652
c0a46a0b
43f556aa
bd725e81
9698893e
9626f5d1
5a8ca1e2
4114e312
220d1d6e
3ad8face
757c683f
cae0e209
17238a32
cd1e2093
fcfec433
920d0805
5a8652b1
72119e7b
a95c2f83
fcfc3ff4
b8c29323
35c5134e
350576da
f6615712
94483139
51e009c4
99781cc1
ebcdb09c
a6f3b8ec
d12fa3f1
7d1f633d
abf6d7a5
b5ee1e07
76215f4a
4d8b731d
9f3e064d
640d504
199b3b45
4bde0ffc
9258e026
4136e438
e9eadaae
f9d5b7
8b4aa7ec
8ea35c7a
4bdd0bc3
bfb7f7d4
e36875a5
15db5989
d4f06366
cca7742e
69b3d2e7
4932834f
e2d9510
934ba085
7536d481
84bd5f20
af3085b7
34d83a7a
2da3c37b
96f47981
cf3e56ab
7155b2a7
cc518730
c30a141
ea97d8d7
156f544a
abbf5ea2
d799b9ec
f3b26ae5
5a7168e9
3f66df2e
c809ee96
64e5fce1
29119289
c05dc005
c0a8f9b
16b17d5f
4242e302
48f4e73
8443ef26
274a99b2
4371d309
f8541b0a
8cf5ec07
85efe766
54f0c556
c6951cf9
b3ec2b7a
19dbdcfd
be03da38
9d03ca0d
69d3b3b4
476cac16
96b64bfc
fa891af9
3b2221d3
b4ab7e93
f4ddad00
999e81d2
99071f8d
6939edf7
e4e32fce
af098d0
5b4824cb
75cd194c
ff0312d0
e35968d7
c6842ac6
14ed5d3a
76c20f76
7833b1e4
31492cdf
30782626
d9dfca16
a7f972e6
e9a31132
60ddce87
41006bcd
67579c48
9099dd24
b5948f9c
eff598ee
f873b679
c3b40d60
13b43a76
1cd68be7
ec5a4e20
b8c61cd2
744692a5
e6e81c3f
58bd08c
2d716668
9f136e71
d236066a
aba62cf
e38ec04e
f26bd383
593ceadf
89fd1cf0
f83f9db1
57661516
299843c1
6336e25f
6093d77c
7504477c
f3bc7a90
1808212d
e0f8b71b
8f9fb32e
bd859a59
15fda113
5aa70869
7497b3e4
f348fe94
d0d4eb87
9c45283b
9dc5dd
6bfc63d3
a83ccc8f
3b501d41
140b2f0c
97d12c13
503978c9
e32edfd8
2bf8a0b3
7a3141f5
41c7d4d9
4a5eb65e
88bd3da6
b4f25991
292e5137
81cc29cb
1714edc8
8d9fbf51
ba58c8ef
dc92ce63
f7fb7463
fa774834
ed2cdda5
280d1924
7e59a23e
5b1ac020
7717a578
767effd4
e31f2b70
59660c4d
7ca7db32
361893bb
c8fbc3b7
530c8353
8ca62f9e
51b684a1
a4014c2d
ccd6912e
29d3f4e3
aa52a82c
9721056c
684c0e39
aae5deca
e0d8e04
a3a6773
9a5186e1
42a6d069
1a9c0ba1
94216da9
8ef420c7
9d47e0aa
a5694149
2cd8723f
d27756ab
67227cc9
fed7fe43
82366723
c7c2d1b
45ed1a8a
bb1f5027
81fd5570
d708c4a3
25d9f1a4
d044b9fa
5f4d5f38
dac2fc95
3fe3802b
3dde6cbb
f26a1055
c366598c
8d1ec23d
57cf0f54
2960644c
3c6f6f4d
7ed6f78e
bf7400d3
4cfe967c
c57772d8
882095bb
2cd2e76e
f4f40794
e40334d7
87bf21e1
a1927a29
323664f8
d3b5bf54
27352b85
cea95095
8fd10b18
bfe20ea7
2a77f56
f7a4fa5
15d2d4f1
c27d9df2
6aadef50
85605fa1
f6e46963
94787ea4
8b44360a
f8cdbd7a
9b02cc83
7ccfc237
f8084b78
12cc87d9
5690d2ae
96805937
5204a5fa
a8dd67d6
7aec6b5a
5c8e599
5aaa8b29
453a518f
f48cd9b2
d0337fd1
fbcc900
3d4baabe
9583ba1a
6cf58d8b
5927fc1
15645c23
526fabe4
b55aa473
51df5e37
c49cccb
c9921211
b264243c
9d3af79e
75cb91c7
d15045fe
1198e10c
eff4ee3
8bcaa482
8fef8bf
320e0e90
78804772
6ab3caef
f357200e
6f624536
7e457bab
120147d7
8dbcc465
6c142af7
bc03e1df
bcbe8d53
27dece56
6e5f36dd
1d39fa29
db5f2637
f2e80d6d
34c86b68
54e09f7b
36574837
bf89a5b9
8d6d3dcf
21649f6e
85a6af20
63d3f1ba
da171fd6
d39a96d5
ad29fb78
652b1b88
32558265
15b10db4
a89c0899
1b22dd64
74017002
7ce0aa58
b8393c69
501145a6
7a387175
e514ffdf
209548e7
f199faad
68bdc533
918215e6
c0abf6ae
316ef300
7913471f
b521af
4fb81bd7
ff14c3b9
8bd97bf4
6e114412
b85dbe22
89b83296
2f976ecc
3275502c
b7b3240e
4ad92070
e942dc5c
3656a9ed
d30a67c4
9cee4c1d
aee39da3
6dccfe9b
b97a6ce0
c2544553
e8d43065
8965a132
ee87131d
d3c81e1e
81e9063d
6e4a399c
2a4bb924
5a0c138d
95809062
bd7b688a
f8265a69
b4a7a709
f80c2273
a5a4b186
8f5467f8
f6d97828
985d803e
195a86e4
935bed22
a5021544
f35f134c
4ee01dab
cc70a8ec
313861f0
394eeeb3
ca7a3174
491c7f21
d87d4128
a1957e21
f2ae30e9
e619e987
a9117e76
69c5c26c
55afd20
af8eaa5c
1264a2ee
bda86144
c0998a19
a30f1d1
ec09437e
e085b684
74f229a1
35a54d6f
6acad73a
cb905d78
823b1a9
4700b135
301fb0c5
73a13579
ade6232f
dfd5c04a
c61d9d7e
218f86b6
27972bbf
788813a0
6f3e590d
ca24e430
82aeffca
31a0ed78
d704fd30
4af1df28
aeda91f1
905ddef9
42b603fe
1473f09c
272df448
b0e7ed4b
91c6d276
7401b95d
fe35ec89
ccfe6d73
45969722
51a4c845
96ec8344
b5bd6df1
807400ae
4d192f4e
929fdd76
e48d556
e17422bb
c5f208a1
170376d9
f5eca8ca
494f69ee
62274785
56772f25
b4f89c0e
c648069c
64535d34
89e01a10
cb250a55
1abf183e
39a3ad5e
f5b447eb
82b4d728
6aa648a7
dfca81aa
bf80d5b6
2a7408d0
3fa48c9b
5055961c
bbc1054d
322a8209
bea967d
df3d95ca
b08daa63
a01fcb4c
c2a1d9c3
78abb856
21aefb5f
8f7e8c55
44066f48
dff0387
44ff3873
c5784a3
c50e5cac
1abf80cf
61f94ce9
2d86de3
e366e216
3ae93f4
8c79a3cd
5f404f1a
7d90d7eb
7709f3f
d34b96ef
2b941751
6373993
1ad84b36
7206272f
cfda3714
83dbea99
b7e4e5d5
3783babc
53b81ae9
9cd25766
aedd294b
fb340e1e
786678c4
e6097fd6
1803b954
16c54397
d0a61cfd
7d2aeb7e
6833ef30
12ae380d
26459689
22a7de29
7c5e5a2a
98e5d017
751335b8
277d23f1
5f0322b1
320fd769
9b761818
5740b379
d16d6e05
f711a213
8b02743b
8d91f336
636ca03f
2b4389b1
36c94dea
67dab327
a81400bf
833e1d28
3677aabc
4119957b
cd6d7328
6ce468e3
8b40c424
1c5d5cad
322a136e
fec0bd2c
87a98c52
b062eb15
2c91dba6
74c6635a
2990dca0
1682d1a5
dd6099c0
eecd13d7
447c2fe6
a95211ea
a30e1637
7acd2e4e
da5b972a
8afc0c85
aa9889bc
c9b23242
160e7a14
1d5742a0
55ba921e
a5fa7f4b
6ebebc7c
50f04c1e
563d3fbd
5ff69ab9
6fa30948
aca312b1
1f7f2771
40fff9db
be9bcbfb
6606934
55b8d012
9b766bc6
4a27b8cd
ae669fe1
4aeb5461
1f2cb9aa
10dd701c
5c8671a
afd965be
1d41f7c
6f07ae77
322d8e86
d5e8732d
88619484
3f288ec2
fdb894e0
5ed4992e
a7a8fb
51fbaf0d
48dd9ce7
36e6809
5691144c
d8265c59
7b6687ff
c2187d3a
a77c311f
2bb2d9a9
bfa5019a
4cd64807
961e8bff
d6c993d6
20df359d
2d042186
de997f00
d0942776
1be7d402
8f7f7278
e84e67a5
ced163b5
efa590e9
e0ef9721
c2080ca1
70ca81ae
e3cbda1
c9b5a45a
49a0a07e
38316a7f
d61b6535
8c06b4b4
e4355c9a
dc2a001c
309c6baa
729418eb
d34f4166
7ca0c2f4
d24f5d8f
5a159458
6a31cae0
1606786d
8881dfbb
1cc7d221
803954f8
3ca05654
ba2ec8a6
b099e63
2540e733
9e8055dd
52dd1114
6ec8262d
527aeb68
e92124ca
48f74337
b922b328
e17cf28
2b959698
aee3485d
68b92f1c
9d55a559
85705783
6e009079
f5e79340
77ad9467
e91dca8a
a57b57e5
f0b7f7f6
434dd9d9
1cc08c45
1d10d5e2
3f6d2b27
a50a6b03
c1bf53ed
b3602a78
830950b5
cfd10879
a8393dd1
98f39e20
d11210a0
3287ba2f
db2ad802
1215cbe2
cff85562
a5bbecb8
e1a7c2cb
c29a2115
edf267a4
8c18afb1
bb913f78
da293e9a
902da9fa
47143866
e7cce007
d686b8de
f0a7090d
730dcbd1
e1108522
97b3b108
da853d6e
9dc1bc2c
39605b
dd41ee2b
c8006959
9ddc8391
a8d17805
c22c38ff
22000940
716509cc
e94747ec
c2aad9ee
50f935b7
a5bf3209
bada3d73
e312955f
7ae180d3
518b7b1b
e12e2ecd
6946a92e
98260723
2cc040f8
7f28eeec
79f7a128
f82ceb5c
aaf4e173
33486d9e
bb618442
a3566120
b64b5e30
9e93995d
f38f1975
1a30451a
9490fb5f
73e7fdd6
a48d0c0e
4f9d14d
4d068422
c039c6fd
254ab865
b259d03f
99d8e5a2
3ddd5539
69e4e133
b65a202f
3f6354ed
b98d32f2
6e62d3bd
780d02f2
cf1cebf4
c973aa
f80205c2
44f74508
89e40531
c05af2f
bd96be5f
7f6e576f
a401bd4b
aca80de5
9e7f6302
2e14dde2
b7f0e7a1
10d52652
bb5f88e2
29458a7b
74d62a0e
fe256cd9
2fd0431d
b1e1b9b5
484ebde7
68e405e4
7c46e852
5d532047
a59d09fc
2e2c441c
6cfe5c40
21ff24ee
43e232d4
4b41ff41
bbb67486
89bc308c
9e9487e2
9d65ce64
caff4f47
8819134d
d2ef0fd
19318974
d94f7685
a9bb7eed
8081d7e7
c309ed7f
3427e508
126e7809
17dc5daf
774ad392
d2350107
41f70c9
88e9a184
3f2d53e8
f0cbc747
6735fdf9
b8448066
876d9194
f6eb3128
1081776c
90fd38a
64ec3d37
b893775a
b540d06f
d5092c8b
a402a73e
2d92a821
1807b67b
49a55734
a633a71
1e7b7198
386ad6c0
f1febfd8
6854e8ea
f10078d5
6056fa10
4c5fc542
374704f2
3c9cec87
d56211a5
19127964
b8e346a4
2185d0ea
fd1f6b2a
281f0782
a59b469a
791ade06
1d5a6b19
9dde85ae
54038ede
fe83b459
88ee4ae3
799cc035
4fd5b638
acbd2537
c7dec5cf
9e9b80c1
c74c020
51ac0993
2b4b79cb
1116d0e6
c0658a30
aeecddc0
f5494cca
636e494c
dba961f2
fda66497
acd57742
24cdfcaa
2d7ad18a
21e2f558
9759c07d
761aa3cd
809ec7c6
ad61abe9
4191be77
7ccf01f6
48a72bbc
dfb63df1
78864325
873d542f
a51784e3
b8c751ec
fc25dd94
4e9629a0
af1e7078
1ef84677
30f69512
ea45b194
5cd897a6
5d7d9e69
561dda4c
a0609ec4
6088016
dcb57e8f
c33b63f3
d2be6852
e8d68b85
ba3ee4fc
691908d5
e9c1837
794d2d94
5eafaa43
c2a748f4
5bd71f7f
e09ab954
bde936b7
93a15e49
d57b99a9
de5fb231
1838a19b
1624eaf7
9edfefa
767cc42c
e3f6df96
cd01f292
f7cd464e
2027567c
f092e2ce
9f704c69
24d800a
5bec036
b6c1995f
1e7f8c3d
3308fcdf
3e6e4b41
9e7a5492
3638a867
538cacb4
6c933783
8c4a3994
2a158418
7fe34a3c
da947075
2d0a7a05
bcde2f58
fa0fc29c
ef8eb0d1
5bfb0e0e
3d0e8f04
aed7b7c
da45a967
d00e107d
51ce239a
bd31be62
5b1d497c
f7f68533
cd9477d9
cf6fa828
e84efc7a
222da52d
2bd21c3d
67c91b60
cd0ec3c5
296e0a1c
52c9345b
85982d0e
ddc255a6
3d8b2f91
7940fabc
edf3d45e
4438e5e9
599111cc
5dc32900
b9f54611
257adc22
eb3e514c
f85f5308
6cadc56d
16cd961b
cf896996
ca775521
96a4a839
aac7d42f
d7ca2408
ceebc5bd
f8661324
aba751f7
24f0096a
7af7dee5
4f7ba072
bb083aba
f1beb367
8dc25e6b
78d5a48f
f487485e
e25befe
9d80a4c9
67374847
78f83f02
6c4f47e3
4bf64b5
5b07b066
b6ac7ff8
b9d031a4
5edd094c
d21619e5
4406c3d4
cd4dd1c8
22404622
765716c7
8e80847c
d5c52c00
29453cfc
7448a23d
7bfee097
ea2080be
454d4528
3124fbf9
c520eaf5
2d9d23fd
f441ffb3
3de33847
c3880b30
a0fe5c8
51528066
fc8fdfd2
4e2d254
bd32e27
f50801b
d0648b4f
60b2ba84
c0da5ff
ffac3d31
a1f9c4cc
2826cf96
e8ca1c67
cf4a26ad
54ae92d2
31dd5ebd
789a832f
df237529
6301e405
477d6ed4
122c56cd
eeefe290
e21c4fa2
9d15ee29
f5a19cc1
2b5b979a
618e5381
67314a58
6fe9367b
7105c497
c94da2e2
235541e7
26110278
b7108912
e67efe8d
f7e7f8aa
555ae6d6
db3b3777
36787850
25a02c1a
151150fb
c3b4769f
a47d2ae5
c0f71466
616031fc
d8fd2aad
d4defc52
6c94faef
fecb23a4
8402e549
22317be9
ddf3778c
62bfb92e
af039938
317ed4a3
c5524690
259f8906
bd2fca1c
b3ec7e27
de82154c
b023b77f
3ffa8502
b3d2ac8e
7ff1b29d
d03303f3
97e6f264
7fdc75d9
69f0e29c
2f0818f3
7bd46086
ed974126
a7161336
ca2c6446
dd527e18
e26dbbd4
93659290
7353d35f
17922725
7fed9784
d9c25020
9b7771a8
42851b54
e782ac75
fdf0168a
c56979c4
7710b300
baea1e27
c6368516
826da388
32f64da
5f5c9694
f76ad2af
69f30efd
f9d5e9e0
a681d397
3a0141f8
45407c86
5d4c2cc2
28fb5b3c
434cee64
d500ba5c
a1648fea
d883679a
15015af0
b221830
bfca6a7e
aec4b735
3d2e18b7
c6323703
2976cb3
a9a3c98
aeab4fda
b91e0bf8
7c9ce21a
6734bfe8
d07e3c35
7a4571e3
cc1f52c8
d97de120
adb9e4a0
f9506d83
4f1ea814
24b88c4c
c0cbeaea
c34fc363
579dcdea
fffb0649
1dc4b91a
12419a61
9b347975
5a496bb2
b5aad48e
dd9581ca
2757b713
62ead510
9bb35c3b
4293ead1
44f674c
771ec51b
52363a6d
887ea9d4
8578879
b01d261c
4193c25e
c07ddcc7
3bd31ac6
487af17e
ef55260f
734816ac
dd22d632
ebbc78d5
326d2e4f
63a736bd
959bdac5
fbd8e7d2
15328456
91a61d8a
ccf41c3
43a64e63
4210423
2b2a3ff4
1ee973a4
31720e3e
99b4a4ba
24ea76d6
7aed10a6
efacad5a
3ef65353
e417d491
2e18dfef
bc63434a
64454e09
60d47115
8fcca47a
bf7893ed
a89deaa2
d3e2c787
5e470554
d5c5f7fb
aa0ffab0
6ed124fc
b565e7d
d2564a4c
b1d0b66e
1ededfe8
965ddb41
2333faa3
294b8407
6bb8b917
28822b30
4d05d11f
15d220e7
98a67419
263b6e6c
6c14d04a
691cdae6
f5467472
3963c79d
bebfeb34
7e0bdd9d
cb1c1468
b8deee4f
f0be229
72577ac3
9b419ad9
a5f3e846
6bf8bbc6
92d049f
2fdf2f68
730b9bf4
ffb3dc27
76daf4f9
5099b03d
bc960f58
9b713aa1
ecf5668e
4f0aa5d4
54dd5e15
87fdc734
d8d9233e
620d7ecc
b84ce06
3a9214b1
d2a56a72
441a45b0
66643cd
21d77d40
38c67270
2d7df55d
81c9c8ef
2ffe6ebe
2f7d7f08
1492845a
dd1e9c90
4b8fb5f7
bfcead9c
34c3cb53
7ba26f56
e0044e47
d9c8241e
93f7e02e
67ebb5ce
5d6ea0b2
283f8aeb
960faa08
53dac60d
18c68357
45162d59
7b22234
c9e95341
d82b89b7
dd0cee
550a7c80
7c44350f
cac7560c
592d5ebf
363ac119
148d93a8
61cb3ccc
1e94f7da
e6d4726e
bde7ff9b
f5c602fd
2cf4fd78
2531f6dd
50b9fd5c
80945196
a4bd59f
ce16868f
aae98de
dc9c63db
f79d12d6
24f40c2a
a67f86bf
48f7c513
7e992fcb
37813c81
2f662d47
3f7e5c5a
2abf64b0
53377b78
620cd3cc
cd0f6c57
a96b9b25
f2e7b419
3403cf83
17f42ba0
e2593ce9
37cb88d8
c3a880c2
4deb4242
b08d856d
7ec3dff4
b2b4be41
3c4edd74
22f18f86
58ec84fe
635225fb
f1550cbd
c121e43c
c0d6f524
b3bfd8ca
20c59619
15b35890
1ef1d95c
d9526cdd
1b9e89df
f24a9a61
69d3a4fe
58a2a622
82727b94
35a8db5f
9298fa
15af1e7
a5b7c27b
d624668d
b7a089e3
3f57d865
1ffc550b
30f53eee
2e670a47
abcb4a05
94269e15
e466fdfa
43133d08
a41cc586
b89cd9c4
a0e5b92e
72bea23f
ab161875
64bb813a
7f021c5b
b1dbe59
f4c02b1a
136425b5
6a0841cb
2ffc15d3
8bd0c422
b3e87036
c21cf6fb
ad3f6638
bc8165db
3ffc5d66
1f0ab2ba
ffa6ca20
cb2f6461
4b5a4a31
80bc5677
88b757c
81911bef
9b31eb99
5dbbcb2d
16ce98b
8f4fb554
59c2516c
ac500701
b7a468d1
6cdcf7a1
c6388be6
aa5bc5de
5606758b
2a3fa160
bfbcaafb
f7d8c847
20777969
e437bba8
650341f2
86d5666f
2b7d1624
1bc4853f
6790c814
8c401f35
30e5f91d
16d6f71d
8503c131
bcfbdb0a
36bce73a
7c6af679
92357442
bec0b2ac
edaca2f7
6e5452af
e4e9f529
b91e1067
b4ed4e2
95a672de
9cf621e7
9213cddc
1b04a8e9
c4f9a007
6a1b81f5
7b11a0d7
692ff77c
9750fb65
6bbe5611
ae11596a
f9081c66
ac19ddf2
118f6538
ee591cdd
3a1a83ff
8fbcd711
a5e621cf
a4edc0ea
cab969e6
60f234d4
ebdbdc03
d5ab550b
d37f6cfc
50703f3e
c30dfe81
98a8bc15
1ae744c2
9a072c77
a9fa8860
4954e414
c60d910
bb25b246
fae06012
7331c599
c9f9d423
fa6db5d4
b026d018
adf83a6
3d145b4f
c2e40021
59d15b8c
bc3774b8
a04e563e
a12f4a48
de9fea84
2e5deaff
c394e982
9d45be74
49951076
840d138e
e4997e7a
c96294c0
4e93d442
18668ba7
2f91db4a
8bc98962
36d64800
fe1bd725
9e3e9f4a
216d7cdd
89ce4fca
67dc4d63
394d0522
bd782e2
15988fe5
9670fa32
e5f5fd2
8ef25cf2
3414a758
e89a63a6
82a27463
ed08b978
bc63eb23
909d5aa1
8a6eb20b
d77f143c
1d53f5b
619f3b22
447d6d77
be045a16
fd5c5474
54480bbb
b447e33a
68aee85b
8a925148
4c010d34
c5ab390a
c6ac820e
242d574a
dcafae9b
955b42e
c2d80b2a
f38a2477
464d3807
91ee0451
921d8f4a
58c6e665
9b060d0d
c99f03b4
f5685431
54fc416a
61651aa7
7a742812
9cb59ea1
7f5c7964
4d3d88b1
2d931015
93db211d
348cda28
5924c67b
de7aeb42
55c53740
d1a7f0cb
444d9b47
f47f39b5
ef78497b
7b1f50de
6422f593
78f000d7
9435f84c
7a3ce172
80fda7cf
f18714d8
c8ec2613
ef012210
ec8ecd7b
d524254
4bbdefa
331f4908
7a41279f
82bd69b9
711afddd
ba97d53d
f3703387
d61487a5
2bd35050
6917acd0
f81f5a9e
c1a9c10b
80b2b0aa
e31c6d40
7e25f06e
af9482e0
cf68e2b4
cbe849a9
a534ea5
b3637b6d
4c826dfa
50aa3ff3
a18226bf
c798cd55
770f30b0
7a266f2f
8b4e3bcf
303a0c00
ec791356
79416a9e
3c528d5
ed7ed32d
b89b966
1cd715dc
80bd03a
914a548e
3e34e1f4
9481dfb6
8b35c19
ad0c7fc3
8cc92732
eef21818
63011f2c
24184f7a
32839d59
ba183648
c62fa796
975d1b8
60fc264c
e7956907
f68678df
bd9534bb
5ad35216
14716387
ae30c17d
e34a3af9
e8afd23c
53114bb0
f168772a
9b2a23eb
14835542
5a33dab2
fcd863a9
ac6b5dd4
89f59400
c6dc807c
cdf8471
b53767b2
d688c9a8
cb3984b8
8b26ae83
bfb173d5
80bf12c3
bf867228
89ed5ab0
96139e70
aff3f047
7923accb
53f0258e
aa0dde5
b98ed17c
5e61c66d
55ed1398
2e1f2c75
dd41f959
b12d6867
a7dc70df
dc3c289c
83a29bc2
9ac40d8f
f67330d7
abffa666
211e2522
5331750e
4ab05dd1
52f4043e
2f4db155
caab853b
c4eef8cb
b1b0a22f
f22462de
a969a00
d3bde6d2
c29c575f
82955d60
64ee7908
8e3810ed
1f6eaf56
3610729f
246580c0
d0717759
84ffffbe
28ae4faa
84f9ed9c
487536aa
8fcb3a99
99889a61
d49a6d45
81349736
c4a403c9
f4972992
7cd182cf
3a7f9c3f
3225708f
ede568a
f150df4f
cde3764f
df0ef692
c5f96407
e42e0e6f
9ab173fa
49083439
e5b1da2
a17e8f8f
b4d96622
9358a970
8fb41029
2c3fca34
ac685e64
3ac3bb47
b4ef2c13
9a9682d2
a26279a4
7964685c
ddac5d93
76cb785d
d18dbfd3
ac97dfe8
dd764e15
6f78924f
b43802d0
3bbf43ec
12fa67fe
e20bf62
c66248e4
7aa97b51
74f71540
fe24175a
8ee47788
7fb66c90
d51bf681
e4eea6a8
b6549185
869193ca
df9af609
261993d2
f8d961d8
d7bf0bd3
c9d6e5df
cb369039
2ec345df
b8aa3bb
5b1f09ae
bb15ea04
81373acb
56945652
314c3b82
fcfbe7a0
cd07838c
7b6baca2
7995a184
4074726e
35d1833
7e42cd33
fe134978
5d6c2cd6
8f5768f7
d091ea77
72a58ba6
d47bf3dc
c6712b0f
4a2ff7bd
6692472a
df5e3399
cab65ac9
e03b444b
fc4d20b0
b6b9ffaa
38e334fb
ccde36f6
7e732a4a
63cd0dcb
9341345e
f84205e7
c005ccbd
f9c38676
f7cc43f2
7e345e5e
8b1c5d92
91f855d2
b85b7233
9a1db4a8
92e350d7
b453cbc7
85d28131
2bd0446
ab7b668a
12113ebd
9ae90a53
44a45aee
d7103e67
e164cedc
825a5f98
2d3b0d76
bd2abf33
63497585
3166fd66
2a2ec44a
4e3dde81
9011d410
5fb292ce
d8560b2d
f959ea67
49ea9442
f4ba8e8e
ef30cbca
ccf6d094
9aa64f50
302dc7e1
5cc6ed57
8714c00f
62ddb87b
bd768d0b
7cc50bb3
6b8c0cd6
dfc3cb3e
9fa4b819
d66b98fd
a2802056
2d3f973a
aee41c6f
63047bda
ed04fdab
cb2a1d31
c58c27f1
a884ca1
e8006d65
51ca576
fa7081e1
b12a65fc
8eb790ed
313a2e5b
490707a6
c759eb87
27fcf498
82c2d6e0
1108e5c6
52bbfe0c
e3711de5
1b3da8fe
45d625c5
f59f2dd7
932bfabb
d34d8d9b
7c9c8477
f3980b53
156524d2
39ae5e6c
2c780107
49f35474
f5a0ccb5
2b5506a8
b27c7e10
4b495ed
9bf51ff1
3eebe1cc
45b6348a
fa3d8e1
2f45e2f0
667dabe1
67685a15
b7347ccd
7ee7f0e3
db39ab60
f1ea252c
ffd4e78a
f1e22b29
ee32a45e
a939f2e6
3a4b452f
12d77937
26fb588e
adc1369e
316fdd07
198e97ec
88e880f6
f201401d
fdc370e9
3100d8fc
1c4922ea
fe291c1d
a75f00b
4747f8a7
9469f080
eb8eceb4
35affe65
47eb5caa
56f3f5ad
93488863
d2b4acd7
204f5b9c
2dcd1251
9bb92b91
833accb9
48d9f83
efa402b6
bba0fa19
f2c102e7
f2c0872a
f368de4e
55df2917
dcb49dca
85c233a7
9377190a
bc0a662b
c5e1dc5a
c1c8f3af
eeab5d81
1f4071e5
2a3b23cd
116819df
2684cd08
13f81945
cff006b8
a070c358
e507f64f
ec6fc1bb
94197231
f5622791
8b3cb16d
8dbc511d
8dc74f84
44cc7c72
ad06640c
ee57d741
87daffbf
f120ae5e
ccc70518
c7a39cb7
bd06813
600ff0d7
5e624c7f
b292f27c
beb0a7f5
1a0d49ec
5962a7c9
9b0ae729
f74edfd6
639ba454
43e351f2
7b95cbbd
51b16cb5
7a1b1e78
71cd41be
bb307d9d
a9d21b3f
6e750834
67be2107
fab0266f
c8fc14bd
705b225e
bc870b65
987b3d5
eb3c6d22
58292f1f
bf14d3be
fadc10c5
407374f7
2f3eb240
b6b5ea6e
2fdd6087
5ad9e52
68bc6d6c
bf5a636c
93db8856
782a0436
aab534b1
f9cb43c
e886fad8
215f40af
29f7e073
146d24d3
f13954e0
99ca2077
720507f
ae536fd
b1071092
d55019c3
7dfe94aa
7d2f11d9
1d00f559
1610c7b5
2a0a25ac
7bf21290
20849d51
533f4a7b
7dc467ac
6f4e6efd
bc8c0918
8f74c3ac
59979a59
faaa0a9e
aaeccffa
246128ea
64a4a191
3ac481a4
96ea50d4
495ac0f5
7680c54c
d3859704
629d26c5
e17fe061
8e7150cd
4f5f4afe
59e5ded3
eaab37c
792d0954
be1b2419
d94ee27c
4d033df2
840d87c7
bf971af8
d89b08f1
dbed4f1b
ce3daf72
e61f30da
d637c79e
113b64a9
186b609a
afa77250
3f6ebe51
25cdb89b
c7a6e3e8
dcb4a0f4
c66429b7
dee74a72
b17f9e7e
656a8a1a
a76f4157
d93675ac
f0c9bf55
a686c701
86f4b7c1
2baa9f5f
185cdb51
11b057ca
99a2377d
10656148
1b65ed19
23de1c9
16d0e124
2c3bc84f
7fa291a5
526a2711
d2fc2ba0
9cbdc3c6
eaf54343
8ac771e9
fb04b671
11491360
91c222f9
6b2a2b64
5a767b8f
8cad75db
68a88eea
57a47f79
700e83e0
47c8efb0
15859a32
16c1e882
c5d2b37e
ac48b0c8
f6c1370f
22b1f1c5
ed8033fa
5267f42
56f37050
aaa6b169
ebe03753
27445488
c63d7ee9
d401364b
2c91bca
25fb184e
b5fc3cbc
d07bcf
f03aad18
2c97e6fb
e4274f48
d8c1d1a7
8343dde7
50e9da36
4e37fb90
8ba03a17
32e3b2e4
8ea0f921
31cd62a1
2f6c3496
7e6b5568
4ce53468
92244db5
b037825f
facedcce
695adef5
2c16421b
b09daf59
20020186
89906e3a
fd161530
a8512ffa
c81436f1
291bf9e2
99935887
2e7817fe
adef7b5d
4c664014
c913fc9d
c273c3e1
d96b2bcd
a2d60582
6de95373
b4db8deb
54fa3e6b
fc255210
539ba477
820a1bb0
db68ab25
159274fb
3ad440a
8cfab19c
bf68d960
f1b0887b
d5feb423
4c5caf69
dff1ef32
b4eb4dda
42a669c7
dbc597a0
a832d7eb
e9b0fbce
7c626bbb
177e57ca
16e02d10
ccc61a8d
711a59c0
cc2a3082
3320bdda
b8fd091e
71fe0559
b88851ef
f48c6d73
9fc93732
d73a7b8e
ced27f6d
5379b882
7b3bcfdb
243d92b9
27a63b1e
bfc9f46c
55ab30e3
4e2c21d5
6166814c
dfb01a63
8a6b51ae
1fbd42f3
a39d1449
b0664366
4b7b87a1
bef41a4d
70e126e
d2cf8249
e249f70d
150209ef
322bd4cb
fe5b87d6
5ae4c87
a9ac6714
cdd4895c
8178583f
db0aa135
9b327ea7
b57e4b98
c20d00f9
d3398101
1b46da47
936fee15
5c9075b9
e5227192
7fa8174d
465d7e04
9f244c0c
ca8b48d0
b320985f
d22c3498
f09ead36
d5cd8bd0
2bdd8b4b
d769edea
8c44aaa2
6eeba78a
84ea025b
95a0e17a
78147ac2
530df7bc
9210996a
75c03134
e576404c
7a049897
d8ab4c30
cd2fc94a
f966a2fd
551a2543
2e482c83
132dba8d
d7268218
62175c10
8473f7b7
3d8afc87
727a9097
f444048a
2a026a04
35be0f78
aa50afc2
a80f82fc
fbf2753f
4c46f558
183ca160
1a9b4684
cde42dc8
111a50a
afe06329
11a3454
5ae03ea4
30dbcd5a
cf3c251f
d1e4f93e
8f2407a2
8b63974
b764b0c6
bc70b356
260508b6
a8ae3e41
aa17c349
84c577fb
f11185d7
1d05a0f2
e9001e1f
d54643e0
5cc30621
113b2bff
2b41e31f
253dba65
eac22df4
f3d9a226
debab04a
557d04bf
b900fe2b
43006317
c175c7c5
db12b286
4d9cf817
5378369c
163628be
7a7d72fa
2ee08bb8
9ef95a21
6ed7c437
14865999
f22b085f
fbc0d0e5
b8a9513d
d5a471aa
4f6818a4
d4c110dd
e069afd4
c3642e06
a7eb16dc
64a2be22
3f9bdf1f
311c6e7b
6ad7d015
c89cd9af
944cdd22
33488677
e5812f08
575c9e2b
80452d00
fd5cfae
45a4e496
e08b260e
946aa3ef
54143c56
baccb8b6
fa78fa67
97d62b94
68e202ad
fba9317e
dc5c8ff6
ea00fa5
166df421
3ead6dca
924cbef3
9acaa221
8ea1e06f
86b86f2c
67d1b22
131c5a91
5778cde8
134751f0
c84fab1d
7d843131
adcb792e
62af8a27
924714f
99cc1f91
6570d87a
8d5bf7bd
976d2826
99de260e
8952096
953a0f12
3bb9a856
69a39331
763e7cea
e5223e8d
280862a6
6fbed5d3
dbd4d26d
5ffae4f8
43bcf9c7
48aa92d
d24191e5
a0ea69ae
ba0b3ac8
8fbcc2a0
5b5f24f6
d1b29718
cd4d3b55
2a49438b
b8400f6b
8219e048
7212f1d7
b61b4de6
c4451615
32df0801
fdc3769
b12ee21d
c94e5218
4bcb835a
8ce1db87
45fae840
7e17ad
7f58cdcb
5302a9a1
11560b42
b90d936f
eb8a2b1f
8547a1a5
7905498c
b7bbabe4
518dc797
e34d02bc
a9b5ac9c
54d4f580
2ff6e1b5
d10875f0
c9f5d186
8d9d494d
9f51e0a0
f2efb0a7
ebe2abfc
4417d76d
d71bc95e
79125020
12ea30cd
fc056477
f865df52
6733a21a
8beebc08
979abbe4
9dbd68a2
31d567b3
3a28bf72
b100d979
a012a3ef
8a218bf5
4febce38
63622706
9796dc74
7727aa80
d42732c
ef705a7
527e762b
a7c1de6d
32333f5b
9a51cff0
a7fecc26
37a3e226
8b99e8a4
bba02bab
8c9345c1
b7a0dc7f
13f91b02
385ab8f
f7777aac
560f04b9
edd86506
a604057
db31b221
1ec40d64
f17cb915
dd55997a
853c14f8
7ba110d5
fd9c3741
3c808a30
7d02f421
66af90fb
f236a34
3c8a069a
e4e19299
b53d2b9
f79f15b3
1310d2d1
c7d431d4
e035b951
eaeabd8a
52cb7026
d283ce6c
80fbd01f
5adbd7b
5a4f82af
b19cc0fe
13aac0c0
2b335034
c75a1014
e2cdd2ae
e2cdda6d
e861f5de
ad3eb036
27b28d73
6987129c
4afebc52
82c21d81
8abf03bd
eda0906c
c13947f0
131c72d5
8ee26c6
33953421
76fbfaf0
443559c8
cd9e2703
3435b5ff
1ce1e173
66354493
6ee7cfbc
5730b9e5
8c0fd9f2
d76616ce
ddb0c506
a73a9ee9
cf6ba56
11be15e5
e11d4554
4a065818
40448e3c
b1e00de2
b53fe616
c3e1d220
c7892a17
16b33670
f9d36de3
f05585e2
47d6c7bb
9cb02586
8cc243eb
c46f99b8
fe41d62d
af9ddf5e
1b81f9a4
37765bc5
87e0e957
69a73d1f
cf6d2d89
f3f96f6
57a025f2
cd675173
93d6bdbc
d756dbac
85787406
132123a
b7f1c5a1
abf2b633
9bce5b90
9591b750
5534cd08
1315dd14
b65f7cbd
1a3385cc
aa462972
1cc201e6
4f64ea29
5359e33a
a7e62aaf
bee62d5e
9eb6c018
3f9856a7
85b9eb8a
cda2188
471aa26c
d8d89c4e
6f74ebed
796225d3
68aa9395
ab9f12f0
bd07c861
14d60c6c
b28b6830
efa65a71
92dfae8d
87cf3195
6ea5c767
883df45f
b2f19517
15e7fa0c
3783eebf
965aa6f7
daac0fbd
ccca4357
a3527869
5647605a
40cb6b1e
6cc6f356
d34e5c6c
4dc7662d
af9d596
97c3799f
9cfd2000
6dfe4fee
b51783e5
49faec9b
72a4e055
93924d50
f012605d
90a79364
d8c6e6ef
f3be1991
520d6084
ce7255b
bcf15aae
8b88c7ea
3044234b
4189cd41
434baf87
1d30f863
336c672a
e4fea610
477f7890
f3613791
d8ed8408
caf6b1b4
6af7beb4
cb45bd04
1f39d82d
e25fdc2a
32db6de8
a4146320
9133e59e
3061d47f
95254d91
cce2c892
b4bcb1e0
6ea2fc3b
2a706203
33cd035e
e60cfec3
b5125103
bd778057
e08dcb0
5884f067
b8da8b60
5e4f5cef
ee80ef83
428d1ee1
c402d7b2
6c7390e4
a044212f
42c40ee7
1d6a6d34
70ea5137
709256f6
4ffa25a4
a7fa0d72
a5fcb602
ea22fe80
a669a2fd
89e004b9
ffec7860
f43c4279
9742b83e
1a2b03b5
4922ba70
24e48be6
c957424e
f91a3a41
938669ad
9138e380
8f513932
f0f2354d
ef34db15
33ce959d
7e12bdae
9a567dfe
360f8e92
c077cd51
46d0daa2
d1068ff2
9512f5ea
1bd85e69
383814f3
98abcbbe
7ea029e3
af3f0df1
6315a031
433f5249
7b46770d
e7e6f958
34bb823d
77566aca
10cf37cd
381b57a0
12700921
e792a782
ff0b036b
5ec3744
185e9e97
30296fe
c87ab241
a4ef2b8f
5273e82e
7dd8cdb9
5f3b65be
c71293f7
e7fb3e68
fec1f8cb
763636dd
506b88a6
3ffe37fd
30283f0a
3b683614
764e53c6
d4ab7950
eac49d25
2b928fb4
c8b47e05
77e2468c
4bbed71e
ac4b12d0
6b159446
513969d6
8d11c76f
a0b3dd7c
5015e0b2
157a803d
1fbc50e2
b652960a
a4a98afd
f5a8f6d
28233aec
1f21f0d7
b8f19704
376404b0
6e22e3af
1780d937
77f568b9
430d0507
3028e3c1
e283803d
c473f7fd
7be42f
48e0b6cd
7a39ed89
41ca8993
7cf669ed
c4809c18
5ac57d71
331c9229
8221a13e
75d899a2
7a75edcd
25bbd82
f2d43284
a143d558
b2c165b6
cd55b33c
49e51635
6a09c41e
3beabd4
4db280b5
15c11232
1ccd7086
8fa34fe9
2af11c5
f1277887
ab676b9c
6655adc2
291e5929
e046ca62
2e819308
3018fbd7
464479fe
120cb04e
3e1c15cb
5c228bce
968071e3
9e00b34d
e26a2da4
336e519
3f69f45d
5da1ead0
5ff9c3f6
98928917
1d1f78d9
53794ba1
be18392
47785225
fd905984
2733bac
6f4f5e95
c77b05cf
d079657b
b91cb2e3
931fbc52
97fcd288
b0aff59d
bd5810a8
b99355eb
99c0d6b3
cec4ed39
2254daa5
70cb69cc
2cca6e5b
c3502f3e
aa0832a0
8dd37183
386f5e4c
d6fef18c
112f6a1e
addea92c
3ca65e8e
9ec9f9ff
6f36585d
4fea08f6
2f101eae
f6305164
f95366fb
bb30261d
d5577e80
555b7f5f
b120e32f
f0e2e990
417bc7e0
db1c52ab
31fe88fa
fbd76ea5
e7889aa0
68a456bf
f2fdb88e
5fb5220d
d73c55e5
7371d08f
bce12ea1
f6ac9238
ad224c08
11975e42
2f370279
47d270b2
ca5922ee
c35dfc58
abe9bf34
6afd9371
59d5d3a1
ea304cd2
8c2f49e6
6ee0636b
9fcbe251
33fa5cac
10f32aa6
eee4be15
76ae007b
1c57a5e5
2f4642a
1698cd4e
8718d9f5
c9a63301
992a34a3
c673f2ff
844b0a3
3fd19473
fa89aeb1
f7de9a55
91032bd8
f701a1f6
567ee5e6
600bcd2d
e6617c62
7312e956
e08c89aa
b6a467a5
63a0804a
9aa6fcca
b4ed6119
efc9bd31
11bd2f9a
51a40c46
de4c4982
a69b6f4f
755a9d9d
1145cbd8
83837150
990569e4
edb20c18
533ace3f
95c209de
35e4f962
8a28d08a
f62c3f15
31a4e5f5
fc464361
15904dea
4fa7f3dc
976cf643
632b0cc6
93e07470
d89f1763
e5c071a4
8147d372
7dbcd482
a1b1137f
de60d795
ce16889
a820030e
a79ed9c4
e903a3e5
1d25fe93
f1cf6ccc
f26f893c
630f559a
9602f6ef
ca0a6ea1
e52afca
e0468f9a
833d5e02
641c24ee
7181427c
fc847e63
ab05a4a4
817152a4
7e686a74
f6899b8d
6908e858
8595b77
71946b69
b1120797
62587b1c
763870ab
2ae7567e
45ae24
b4816461
d3122602
a6ddcf96
a46551e3
743a25d6
a487f2a2
904b9b10
8e2ff953
83689689
54caf4fd
1f205dc
fc94644a
80f972cc
d4f5abe0
c94bd53a
5a047dcc
399b2d16
a3cee079
fcad4834
325c70e7
6e0ad6e3
638afe55
71f3f1b9
f7a8f55b
88424c73
ea588a34
524fe6ec
ee7fd348
59b9c374
7f282304
98afd92c
a0d0d24a
643449e
b2c302f0
8cd2e51f
73d7fadd
bc02d761
f9322df5
c91bf0db
2351515d
3d4e0da9
db928f9d
f496ca11
62e64e4f
8d85e20e
71532634
bb3b1223
f87fc17e
56c1ab42
c46ee394
90623845
de714c64
fa7d7a3
7a5ad8c2
c87e9dab
2a1f05cc
ab5405b1
956a9fea
cfc2f850
ee395d48
da5e5f8c
837c9599
71af7bfb
5717c871
273e1b85
ac05b7a0
53cb8a76
4046372
62197e5e
3c342a98
1c096653
3064c75e
6c05c5ce
67483bc7
be1e5582
990f987d
b50e1c8c
2e1626be
9887852e
ef2fbfc5
a0b39b34
7765f47e
25aa7b6a
57f087c3
f9c89424
b25b15d2
fa78e2c0
dd30667d
a88e4478
a24466ad
99fa3b54
ff2a4f09
57e02d40
75c7f067
b26e64f6
b02d5322
2a2792
47a025d4
a2fc9f91
ad979cc5
33b55ff3
b2972e2d
42b38fc7
94aaeb41
d43f36ef
51ee6e3a
72435118
bd43ca23
7e59330a
ba8a30c7
98006ab7
83e9982a
924acb8a
bdfe3546
6b1b6b95
d20b9ed0
cb8884a2
ccfe0e3b
146961a8
f97de8a9
98974b6b
56e30ada
9c841426
d4fd1add
47308f88
4ba4df30
fa3fcf8e
775a8c89
9b183558
c1d00633
a0ed93db
a5036c76
187e7201
7ab12ce7
d3aa742e
15906c41
bf9a6c73
771c5c1e
80994c19
76fbc7c9
dba1c29f
a6f9d5e1
922d1e53
626a2d45
53ab243a
3378f499
b816d87c
610fd094
4a7ddbc0
fd7b1e27
4fef130c
8a690f89
7f7f0185
6ba70019
4d9ee2a2
c7e22940
a5416edc
ff21376f
8d2f618b
64b4e0db
85c6982d
d5743ddc
70a93683
e70bb26
12430beb
d94e6232
1ef763b7
71bb9e77
653cdd62
9e90b2da
c0046672
dc1a6546
d54edb3b
9cb5627e
3cc70169
4359c28d
999618cd
690a3f
4f500ed9
c5666193
1ac49eb4
c3c639bc
26b3581
d83367a7
12e476c3
1a81d2e8
dd35f69c
382eb284
d1d7d4e3
15020e9e
d64d585b
d12b6fe3
7128d194
7a23c078
e06d3f89
220bfb32
de3de5d1
34eee0a8
1b530d21
484f2e37
83e462d0
11f6119
596c394e
139d2b44
e31289f
39e2e47e
80fa0b0e
5462f222
dca2ce85
b29abd10
e0ed4a6
b842ec4b
ba77ed30
ccf3d5ca
fa511542
4017e35
78120521
df4ed17f
3e6ff2ec
fcc34ca0
1b8b36a5
311f9c86
41b38581
8ea81e56
54064143
db666214
15e993a8
4e5fd060
80d81b52
a62b7b29
3094aa2c
f95ea8a6
af4dd8ac
7a25edbc
cb9876e8
3a5de724
ad8e6b7c
83aaef41
f0fd1252
d974503
5395e8fd
a717697e
7ca5f576
39dffd7d
10c8e00a
78a6415c
8a367204
ea023984
4ab16428
27401649
db10619d
fd6d889e
cd198117
77e0be16
936a8577
319e6ff
6e75aa30
507eeb1a
9fa68a5d
e898b06e
6a67613e
f1caf49d
d343dbcd
2e211df4
3ff55562
343d1b05
b6ff31ab
a3a48419
b2c21b84
422f462c
a0fb4549
2d2c0f70
ef797daa
fa8b8f20
807e323
3f8e726e
44613159
670b17a4
d26952d
35984d1b
ea8f69d6
6820a18e
9b810bc4
25a74e43
274867d7
9470c844
ad20c19c
d7b49c99
3f46d23f
2bb9474d
b5626b48
b9bbf9c4
9ca120c6
1168a9c7
b5f34701
f6e2a082
b0d75f02
42114c58
6ac767b8
9a9b920f
cf8f2f0b
5a537caf
f0a73208
19492fed
4474502
773ab9aa
b04a30f5
b36e4ceb
51bcc4d6
f6b207af
bd7ed94
a832bcae
4c97ea43
906b75e
51fba3a2
496d218b
d2ada3c1
9e3ac355
d5c9b783
f342da10
fc866a7d
93baacd0
9b724728
f9bced2e
bfff06e
f4de17d6
de039d10
d4852a9a
8753dd8b
e1f8d94e
812d2b65
fad953db
cf269914
1730a4ef
50970a72
7f004d1d
74ef12ba
f9ee1062
59e3f3aa
fd9065e2
e418f26e
7db8c21b
8f7e523d
ecb516d1
2fc9cead
f020b0f6
fa13eaf9
4d1c939
840d1c01
6e29d4a5
2674ed29
21c29b63
ffe31bb0
abc559c6
f5aa956
bfa8f373
9bc43d61
b58e2b43
8f9ea244
4214bf67
70f13234
705e6b04
1d2e752f
343ea13b
9131a267
75e0b7a5
8f9097a3
53088f73
b353fece
e93ac2ae
a824a8e2
b62143e8
e6436baf
6f2b75e2
df3b140
35497ee5
e374a5a7
e9e900a2
1ad71e27
a1deac08
c08e17be
63ad501e
af61b6b5
df9262b5
b583c8cc
25635da7
71aedb84
a19057f2
473310bb
cdd45527
c1fb031d
d40ca570
a8c5bdf5
a612c39c
dc1d47f0
6fa49cab
5fafd351
ecca0f10
8a06cc5c
71c53f8a
95289728
9d3106d6
72ac3ec1
5ec8b9e0
4f7d2c9c
f071178
2fbae313
b6e8d87f
a1085cfb
9c1b7d25
a4eb0bbf
19d1049a
df10069b
13ab6916
d2f78570
a8a0681f
1c9945d2
6ef58f45
8493cdbe
4925d410
fa5a582c
e5892a14
3b3f9c71
293dc48
f96c9eae
596d9e58
aa6d733e
a2f2897d
79d9b69d
f2944cd0
3c0e9b34
b4ef58a7
e10623e5
e7ec659a
f1a33112
39aaebfd
893e1f33
1612c47e
bba518a5
a0c6b511
b754fa33
536961c1
6d72f65c
eb3fe74b
acf9ddd3
341ce907
7907e90b
41ae5a0e
cf0299b
bfa8fe93
5aadf952
ea91e3eb
188600a3
a869d42b
1948492f
893cd09c
4363dca6
325eb0d5
d3021d9d
98207ffb
fb70cc3c
69037477
b548aab1
ce85c238
d44c8e2d
c0cc2ef9
8780ab5d
12e5a006
ac00bb4e
7431c548
47efd6d
95e547e1
da13c843
f8b6ad15
e5e090d6
2d11e150
5d139614
55c7125b
40c5244d
d4931512
b27a955f
440b39fa
40bc56f0
da00ecbc
123f4e31
b20516bd
4b9f47ea
5e9e25b2
102d5754
d2c8f60d
e82affd9
d75d453d
95ed2d24
5798d6b2
51712c2c
ebc403ec
c18b2fd0
3de60248
86c017e7
ef0498ff
6618a109
afbcb1b7
e8f30e5a
d76af920
65aeaa32
ef2d4dd9
aa0bc68a
93163ff8
f3afeaaf
16aa4520
16db026f
490cd866
323f86f3
daaeb8ff
9edac9b3
51ff04f2
6abc01bb
b6aa53b0
10168e14
4cd075c4
38463bfe
c39de251
28856b4
2249f637
416338f3
3b58583e
3b628464
30a46da1
b570b53
26a1aa31
d50678a0
af243fc2
7a5b65ce
93728a71
f3e2e043
362c28
1c41c3d3
e791ec9
1a8730c2
15015bea
69b55059
b428a518
d4bde4cd
12b9e015
f020395a
8a46c526
b1fa396a
4e82c56
9f38985b
b6c7931a
789eb6fd
bf4294df
7ad1cdbb
b3a89558
fe7dc8a9
f1436833
1902a56b
d4bedc0
8a382004
cdd57a58
595f581b
3f7e0b59
91864467
37af30be
dcc2ee77
c3d95560
a574831b
ea3f2045
50d79de7
b59e4f54
6691a6e1
b7877f93
4c4cc4d2
6d53d685
e4d73b28
50dd3e36
9344905c
498f24ca
d4c3813f
5588b185
6fb61961
6e5152a
9c7df124
3570ed54
8f0beb0e
3ca8f59c
91eff430
7530de3b
b902e283
b4c09dd9
1dac059e
dc0fb0f0
95fa259f
d5ba6abd
a6de2b42
1c421694
44a42327
2bbee121
144b612e
ce75a356
4c3c0b1d
98f3de2b
ff4d0e23
bc67b850
f0a67127
56290e52
76c53239
bf420cbf
57d894fc
777cfeb6
c03f93be
154a04e3
b6e54108
e604cb30
a237b479
6e87ee73
bf96077a
cc9fbee4
159d8906
77340643
fa2dcd5d
149670f3
ff96d3d8
7db2576e
68d5f52f
56242914
88ed6b6e
2df73fd3
ac7713fb
b034eae
c874798a
3d21880a
810409c0
46ee96a1
92c6be22
9ce58cf4
8b80b17b
fde78b16
85537b99
e285ee28
70c838a9
173cf9b6
a4184533
3989508f
592e448c
9f3d21a2
be17dc5e
a9ad3f1b
e61ff09b
d5bd78e5
aebe72a2
5d93a3e
241d03c0
c554a970
7f5aa7d9
9799f022
e083aed5
e9d8849b
f4092361
d52a4d37
67ee7467
6eda2605
50c51887
652036e4
9223add
afcab7e0
ad7fb5a3
f21ed19c
b964b773
7b0d38be
5f4c12a6
28e03fcf
c17b12b9
c46ab584
361a9994
2bc9e08
dfb7196
c40d5ec1
8a1d292e
95a5933f
640b456f
4b20118b
fb133d3e
e327b477
f4b15e34
ed3553fe
70da1615
93cd3256
28ce5838
e7da5ee9
f1ccea96
fcf1ffc8
5c2cc0ff
5e89e649
ea2df42e
79894e38
399ec4a9
5fc334b1
1e742eb
e928f699
a11fd65d
4a9711fa
ec72de64
44501541
369c2c2a
742a2869
16c1711b
283172ed
321a86ba
59371c47
7ae8d2c0
6a80b486
9769ca43
e9379950
d2ed25f
8fe9ae4e
a8bcda80
c048952f
b8e50498
aa70ef81
30c21e9a
17ea4783
8fb5401b
ba71c1d0
c6d513a8
de1741be
e6684897
f6447dd1
12dbdf7c
17212009
b1dba70b
ce575a98
818b8e9f
efc73a70
93379a37
29f2c3fa
b8d141dc
b7d4886
81f8c5ee
a5648cd
d996e86e
8a8bbffe
310580d0
3dcf43e0
604c54f1
63ea1227
fbfc3241
6cbf7d87
c0e15c86
b7f85418
f6bde1ea
1812af8e
23c62390
f815a5be
e97e026b
ee8cc315
ead97917
83131bdf
f9e7c0e3
5fbf5a33
15d4c3a9
6c5b11d0
f5ebd91a
8f57b6cc
35a1474f
ae42c5e
293922f7
dbed4d00
4687d402
f2be3005
d66de14a
f31ac147
5a62762e
dd265449
37113ce5
ae7d4ce5
8f1ad8
5eb5f67a
f3f2ee0c
ad462993
355cb82a
55f25e95
db2131df
ab9521a8
5e19e54
51aedc4e
7f9e44c8
9d95da00
baf67abb
2e4af207
b7a1dcc7
3eecb830
f79f9da1
aeaaeb91
8bae5bf0
1525c10a
141a6b17
1f9fef3c
9cf6cb35
10e4a2d7
69896292
7f25e927
a75b1cbb
c3286251
9776f172
54594f17
ce399345
747c5d8
30e7b5f1
b169bc95
11e1c68e
7d9f25fc
31a59d3e
1538ce9b
6873261c
7172d1fc
88aff098
bb24300a
d537e4c
925ba4c9
6fbee6b4
f3e13df7
79fafb28
3cfaae1
b11ab538
6776c2fb
7bc7e515
e8f7ad6c
8253fe2f
7c08eac7
244ced7a
bcc3acfb
de1277e7
dd05eb65
f6336f60
902f65f1
56158410
a3e8d00f
7f38a7b7
7af03052
5cf0e266
f34ed8b7
c77bdc45
862349ce
da75022b
3495fec1
efa6f159
abbccdb8
694088c1
b91e5f74
f821494d
c5654e36
cd5d694e
1e454c95
11059935
7ce86df5
7b9b7036
46ac4316
4c7bccd0
8ce526f0
cefbc17a
25b1bea1
b2d3d16d
8c5a1c14
5a2e4578
7b885250
8ec540ed
a0865c22
aa3bbecc
a8b7bb41
5801259f
2936d39d
95d56fe3
16b3e251
3cb3a398
9410bae
65132ef3
ca5017e6
6056aa
33fa5a8f
9c22af82
acdf2ae7
f0704d65
87099aab
c312fc0
55ec6433
55607f23
37d0eb35
ef064e83
cd862bb9
f21cd6c8
3767572f
5bb01b7
6f15061b
5861a310
60aaf483
52920d89
1f6a4302
5aefa673
ddae6720
d634339a
cb532b94
b2bd0323
16c9a1c3
51a7e450
cd7c43c3
bb1804e4
9af2c0d3
69b0a07
c6ee5efd
ad172799
5380ffaa
352272eb
42ac9011
195e205a
f732ef92
53f5c285
1b2606b2
c5a931f0
a8761750
164075f2
5b13d158
7ad6f605
922b8172
c5919
e06fad24
80b233ef
acceb5d5
a6daef7a
45e6c039
fd53d18
afcb63ca
ff9ecaf2
6a7cc547
fce212f2
dc971322
88e537aa
e47a03bb
2daf76a5
852d2dbb
cfbe659c
dadf5071
998c87ad
6464066
77284c2c
9f86fd
8945b06b
eac788e3
7b5d5543
4e2a783f
68362ac1
8b61f11b
626b6fdb
f4d6901a
e6807a04
bdd5b63e
dfa098b5
6af792c
20620cf5
b993978a
5922ba32
1e87e267
6a9d094e
6b4ae5fa
5e92b974
5e39c6c8
e435e99a
b7e346a0
5975acb9
d6ba3ff5
26bd948f
f634065e
2d44fce3
7f8a4da7
9d9391d
e53162fb
f35003b9
45625ded
d07b0ac
43e86b99
6a20a221
32614e55
8bbcea44
94f5e531
96fe6baf
2527bdbb
3e1b5b
c4192d83
183e43a4
7b2a2217
7cc1605b
85127011
6414ca74
cdff711c
7b2011e7
dcb5e540
b4080f17
33953fc4
f95bc88a
24f69059
34394a1d
4e153478
6578122e
61fb7db6
55d2dd25
9fced294
3d8024e0
42a5a195
ef5510a4
12b16a75
228bef66
4fb6d694
fe7d834b
1658f7d9
4bd63b4e
8832800f
856bd647
b487eae3
e8761682
689a3e48
f3a70868
10dc3128
2d485382
d2bd1c9d
6426e56e
871386b2
d4d4d6c9
5d46d352
5a14739e
cb2ba5ea
aeed535d
25fa3458
29a5da81
1f3c121b
f10487d6
5063e4ab
903e6140
15d3bd86
b4c2e890
da2418e8
cdfe6137
9f9aa2d3
3800fce0
76259214
707f4150
37ff1f6c
94ad5df9
53c4be52
387a7300
d06d297e
fad620d1
e2a8b14
821123fd
489b36d3
c8e22bf
4fbbda8c
83f6ef56
7d5fbbf6
ec36f384
4e0a5cb5
34d48609
7c21c982
e402cfe6
87d41c7d
42e65842
45fb3dbd
79135425
c8d1fb24
7823116c
31f784b1
342b81b2
5f3db821
7108dc9d
74175d3f
d021c222
b9f404f6
482b3616
ce782c2e
5fc564c
48ab48e2
ae8e8ea6
869f27a1
e2cc4f71
22c55aef
60dd54bc
dfa09509
d66f3edd
4d2a4777
1b7ac142
a4b6eb9c
83645eab
f092cb8f
94c1bf0a
f7bd9abd
15564068
e39fc3e5
cf0f6a3f
eb86b1db
b9b00e4c
cca1a8d
6308ec6a
af963977
2b47fcc1
80ef46c2
be0325a5
325e4167
845022f0
cf61911
e1fa04b4
b3cef750
451c976e
bb35142b
1ada6bc
c606bb5d
b508d2d0
d5ea1810
bf3a8581
5188ea82
8242d277
31444045
f81c63a2
81ac7c6d
86928ea2
957e688c
9356494d
5fdcd873
e0bb1b12
ec9ee268
c1ceb2a5
9dc576d6
857573af
8ee644b0
f930e06e
2f327b72
b2e56076
bbb7ab02
c4183d63
276f4aaa
cc06bced
b3365f5c
63a1312
37cfe6f5
2e24246e
c95deff2
d7136722
66c85c88
dad2f5af
a138d402
d61dd06a
4f758903
30e00b2c
3405f4f8
48905b74
3fa21496
1861f2d8
73f21e9c
5ebabc2
591340f
d030ceef
2402a743
36118aca
3cb10e3
8079a504
e4e65697
756e345b
df9aa64f
3f87139f
9b478817
6f13daea
9cad8774
cdc210a0
a610d3ad
bc62aba2
7bd8c92
7a912bbf
33d5b0a2
b68937a0
c1863703
dca4a66c
8d9a5213
dac76d34
f8621a4e
80d393a9
a266efe6
6e933f13
775a3c56
4fb31d6b
10030c15
c90d17c0
98a7439e
437fcc7c
f440fa09
41db5c6
310ce0c1
5c32bea6
32d436f9
2bda2b36
5148acad
bee0f3ae
9c932d73
32c113ed
69c98275
315879cd
8e8afa65
918d2732
3e03d50d
f3ae3244
cf16f7cb
e80a0022
d88d443d
bec80b61
7b36eaa2
3698cc7e
974ff578
c02c33e2
22ebf2ee
47cf8cb5
75637928
68203ed
738d980f
2b1fb191
6d1c1ece
e3d53c32
1699cbdf
3c54ef26
101cfb1c
fa888b53
e5be3120
57d17d0d
269817fe
b0ef4983
aecf8bf
d638804f
71e7dcba
843ce574
74caaf5c
9705e1e6
ce2a7ada
1e19e4c3
46ba5a6d
d3ea56d6
558ace72
e2293b48
ff9239fb
b856262a
51f96945
6fad5ce5
620445e6
dd34d3eb
22a06170
b960976a
10cc5065
7951def6
cb40976a
c3ba11fa
f1d797a4
68d04761
66164afa
82aa65a8
84f53b00
8bd2d6ee
a445fb7f
33d3064a
41651107
da356406
72779395
fb708344
e3fb74c1
623aaf3b
c2b25f4
c135fe03
bd982a05
456423ae
74ffc80e
8956f9f4
30e1528
d0e2a754
10a804b5
ad9e520d
15bc87d3
b6138834
1b69b184
b78ff64
26456db2
ae9f3271
93a76fd4
3074513f
99d975d8
74ee0ed9
3de7fe44
8cd40f5
136dd9b0
e8492415
de6595e7
7622f422
1dbb2c36
7c563924
ddba87ce
388803ff
f580e727
36708927
56fb66e4
da67f0d4
dcbd4f55
ffad1aa4
4d99087b
5b996106
e22b43e3
851bc090
d9cafb3e
b4b2f785
27743108
30a9052e
b8d66931
92dae57
50583f9e
377ea753
a68211e5
9828833f
613a97d5
9de3aed4
a050f97d
fda827b
3d6094f6
430c172a
9034f7be
eb0b7a8
28c73f59
bcd6e19d
a88bc603
8ff4f8e3
5a1c773
a037ac24
d958385f
2f633a93
d034cd47
e9677085
c6c4f941
f3000424
8e37360c
1b4e1e6b
2dcb29fe
d6135692
695892e9
382f11e3
58edc824
ac65e8e
8f97aafd
ab268ef
e35c3a16
a382b391
75d8ce9
2416ce21
862b1716
d2451462
4d23ed93
32ce7aee
179208e1
d18080ea
9bcb09af
92cdf4b8
d1d39d93
5346616a
48915df9
ca5a2bed
980f6ddc
df7e9f6c
fac60394
6d8d80f1
1aab3fd2
955367ce
2d65c821
e2bc44f7
d103b43c
c5e16cce
bdeb58ae
61868fbf
f642b4cc
f1293ed3
12c5bb83
6ac0aad4
29604a3f
4a402426
4dd3b7cd
a517687e
f79f3a6a
d04c2505
28cb308
69fcd38f
67442fde
405d2530
888ca1e3
b4ef7ece
56afa618
bda16975
619c2862
14498afc
72a15e8a
af22c074
16575439
28f30df7
8ea3f93f
32fc912f
ac489cf8
64be138c
ccd6a51b
38bc5563
46feedab
d4319dae
93c491d3
723f560
ba351b6c
805c2cd6
79f62f7e
ed4a904e
83b7163d
9e45125a
f7dd141
a38abbc5
6e390848
cf513b10
ad64080e
9073f462
f5b964a4
9210897d
f6779933
7eddb0ac
b4a0ff39
dd822e96
2eb7cacd
bee4b26e
e10a5d29
c4c9f087
2e6a6853
ac4c9ca4
709b7b9e
d7b41dff
83ac6827
12627965
cccba472
2e3c343
3da681c0
73eff246
80fa5172
20dcafb1
1c3fdfc1
6220fd49
3cea26e9
edd16b55
8f3c9a1d
7f9ffd7
15bbdfad
1dd79967
47d43039
12cd149f
d4ab15b0
d7e21251
97704bd2
497186a
9d442574
c81cb983
5352a3c
b6cc421f
5125a49d
ad74e061
3ebbb56d
e0385476
951afe0f
eddedcee
2e4800ab
f18e02f4
165bc970
1545adcb
154219dd
c636b286
3f518e52
6c094486
b88e22d6
86a509b3
c773341a
ea14062e
e987ca4c
5aa57ea2
c85c4883
5b90f6a4
492e4d1e
f9985f89
168f0ede
d542bd1
28bbd38a
de58680c
61dc4a61
ac921a6a
6d373337
241d34ab
67510e31
3ad950d9
d87e957e
cf7ba0da
de012b0b
977e272f
782a9117
86b88eb9
9ff5940d
ba8ac8b0
679798e2
30bcc974
e344dd4e
e3de507b
108507fc
852677d7
162dc000
c8b0eeab
557e982b
8f853380
c3362704
5aaf3b60
b81be168
ca195810
757584a4
20c0dd0c
1d86517c
a68000ca
2eca8a5f
51463f4f
925bd66c
b726a888
966c7fd6
9734ebeb
180126b9
1f6bdb38
4dbd7a1a
169805d8
5b82e0b2
5de8d0f7
65567ea8
ae0482dc
d0245484
83a7feee
dee3d4ed
3e3e713e
ab59f564
19c741c6
753bb0fb
2db18d3c
d7b44d1c
68742572
c7367f0d
2b4a22b9
5fbf8933
f3b0c515
7dba1b4
47f1d800
f639cb98
d6eed51c
a085152c
465b4bdf
a916022
8da57fcc
111dbb56
d08e8d1
872757d
e43cfa8
f48a398e
f2615449
c2c1e612
195eca9c
87c6614f
a29c7dff
2ce8798b
531ccd6d
8eb79977
194c9948
f999a6f1
19140ab6
6247261d
f3876ab9
9b9a01cb
3a629024
3b592cc3
e46dfe1a
12d5fdcb
c8b69a9c
5f1a6b53
189b8c02
e4de6bb7
59707395
52e72bc
cdefec7
19ae25f2
97d7bf5
4c0ffd05
e6afe7a9
fed02111
77cd3a29
4dd45c3a
384360aa
5a0500f9
fb46b920
6c4c13e1
4522512a
7f999e92
c4c084c7
114fd19e
838f2afd
f7908d0c
a6f243a0
8a118da1
2b4988e1
aeb2a317
c30afc87
ff51fb4d
5d315957
fc475877
12776893
6c585799
b9beebf1
f62c7e7e
70b9077b
501cf448
327847ac
8154d96a
8b4c0b66
670cb696
944715be
59ad5752
124558fe
529f6f76
b2554ee6
c7edc4cc
b77a3446
1c667138
20371292
efb690f0
1a0d3fd2
85384c85
877e068d
25ef12cb
11f38cfb
c961a63a
a2ba230e
fd8cb4ff
7c0c502c
24762e62
9f12ec63
f32e568c
20a90f94
c7c440e1
2226b77a
d1d13c33
f74c570a
88b87ecb
5d97aea8
91966f8a
3ba35af7
15c4de5d
7e051351
935dfa11
637db7d3
2873028f
a4361ba2
591cc4e0
2b3620e0
5c14d5d
d85bd792
8990cfa7
2e9c1249
4e728c33
c0f1e008
fbbdfc94
3aff1182
daf2b904
24d36e4f
b3168850
2622db89
8adfca58
f72be3fb
8f382262
4dc94f9
6fbfdd37
6c8cf94f
acde9b28
b98fb51
275ccc89
db592319
c91e1659
349ba410
cf5d596e
125f8273
e1be3881
5dfd6c9e
2d95528
50999212
778a5575
270be749
32ac9397
e099df8b
2ec0ec31
dadc561c
b8bbb635
793581d9
cc8eadd1
25e99bec
73f3848
1e5fe8fe
70c97c5c
559c73a2
d185a635
5b4490f
fbab2cc0
30592e57
c05710f2
de2ef17
fd23e8be
4533b5de
9ef4be69
37b76b82
6c3a5da0
76e7379
95e825ce
5c7706b1
a22ab213
7a5473af
58498008
bcbf53f4
acc8ed18
824b6d20
fe0a902e
5c37fb2d
78eca16b
b10c17e0
5fd4e8c3
8363cc0e
46648ad1
3f87dc4c
b09f9bff
e2fe52ca
4e125d52
c679a65b
dd5a8338
fa4f8a23
70507c9b
f7436e5a
cc9537a
698885b5
f4e51a94
9d9654b9
35720f9
20c749bb
abca604f
26085c6a
fc4e0906
af344a60
665875ad
f0bc43b2
f8e6eb0b
cdd56936
67a6c518
d791746f
18934119
fa250d78
5bad97bb
62325f04
b8b482f9
a8c0647e
e348cec8
c0e8df96
d7ce701c
29f73e26
e5ca1ab3
81d8deb0
5be4fae
47e66d65
14c61f77
e1d42d59
6090dbf9
3ad2bc3d
73b49d04
1b422c68
1ffdc402
90e70346
92ca51cf
e2dc6a98
c1ec0cd3
a8bea7b6
27862a96
86662d45
7a44ce4c
9aaa8f0b
edc47c7e
bc644e54
5878f736
a92cc2c
943a25d4
f895b438
e9d6897c
b77e7ca0
db4b9a5a
e7389d37
a72e8ff6
44edceb4
ba8ccb53
fbf934d1
99a096a3
c3dc8764
13228040
d5b86b9a
7777e04a
37c60bb1
61e305b
bfe9eff4
b9d77767
6c949523
11c253cc
325ab8f0
e3c27748
87a49e4f
429b839e
d320dc3b
1a4196fc
639f2d63
173c3958
98fd8eb3
19a2d0c4
9a651fc1
11f5a4e
fb5baf7
d1b67c4a
501ae378
d0168274
9c68b3d9
f9bc240c
52283c58
a7aa2548
1893c1ec
bc447c33
ef4fd380
b58b884d
6234cf2d
5911fc99
eeee5a30
56e7fea4
1527289d
7aee6541
c154b04
e7b6a87d
fedde172
cc8a5105
1dca7434
764d365e
36203291
b2912570
612681c
adbd6846
374906ce
64df2638
60febbc6
24dc7626
e4649fca
db67f079
eacec31d
98f7e9ac
a4906581
3ab1c25a
d9b5b0ff
f8b80fd6
e390ab49
3546e9a2
1365e303
51e84aaf
e9d1b6c7
70e74acf
728e95c3
c0f556f2
358d9c5d
476b205b
5f7ae062
a07040a
45e344b9
c6651f99
f5b8bf1d
2f6fd948
6a6764b5
c2eb7dcc
47b814d3
c87b3189
cb9b3962
7c583e29
cf253d4e
951b04b2
d9abdc86
250e3925
bce92f15
3d3002cc
73ce0395
22656986
c2b251d4
42cf2d19
b68905ba
aae6fe41
1a8d7361
2fcae628
acc4ac23
24517be9
e971b96c
809cc31c
95f3a5aa
fc4152dc
d4bf3971
55a8488e
3d06780e
b214ffb9
c9e2f4e3
2cd2806c
fa9dd7b8
7ead152b
4b1aae78
fb53f7de
5a9b1fa5
73c7440c
d911f463
7286f04
9a0d0369
c1e06ecd
3cdb1789
b75b79e1
8f97696f
799a5979
5e53a66d
d9e558f0
7e255893
6e1bc93f
70b696f
c11d61a6
891434e5
a5b26225
2948acda
d12ac356
b043930a
3223ed1e
aa93e97e
67003a2a
52ede09a
93a4b140
87076d89
a31052d
c61c784c
ce6ccd27
e1bb8f8a
2ecd6acf
c46fd47f
ccf5edb7
81599e1f
b10d319d
3129e330
1ebbdbbd
ccae85bb
15e71f9c
6656a98b
d0dced5d
1715db0d
f28add31
535ac0f7
aa593515
5081d926
9fe514f0
ada66cda
2a72eff
af9b3b5
609c3c22
96e57f58
17df6394
5132dc7
83306b69
d752540c
58c7ee67
2f1a4b51
cb998274
c4875f2
b7895cc9
4f18576e
71b9fcbe
c4487461
2bbecf41
28168c5a
b64befb
bb22343
228f10c6
510aa5bf
7c2f285d
f9ccd4f6
16c428e6
2048e25d
ab5a2c90
584f62e3
895aa768
ba52fb13
a4267e9a
6f74cfe4
4ddc978a
5c3f5940
568667f1
7c837915
78b7cd8e
1ed5f4e7
f5eb18a1
c9dd0caf
4187ea25
ef0dece1
16b6475c
4fc4a010
eec40a16
9b2392eb
88b10a98
62cfd68d
a222bf0e
2fcdf8a8
2700ac50
71be9fb7
79de9093
949e6fc9
a9345e7c
7c79eabb
48a16b86
d79c5f57
b2e22760
ff67a1a7
31779a8b
3492ba28
a5239761
90b54745
5670c082
3fee7d70
6cd2b1ac
1d27e6b1
423fb1c6
567aeb73
1042d2f3
d62e58e3
3e79adca
b83bf15c
d52ab7a2
930306a1
522dc795
c0c9f750
5ef6517e
3e96b566
12007e84
32d67ed3
30304ffe
6584726f
1c4bbfe
5de21206
8ef23410
6ae9cd6b
e1da2324
bec7b704
dac751ca
bda62cf4
195f7e6f
24457856
cfee62db
2dbce1ee
e15f6093
60c1118f
b091c645
83feb255
8244e1e0
c45b1136
15f02f44
dea1f7ca
52699d69
aece2d30
ef336c74
5a240893
eae47e69
80e9bad2
e144aea5
9cc0c2a3
f38fd82
d432bfc9
c3c75830
721e460b
3a103679
57415000
65be35e3
47cab827
d34cf699
e557c27f
630d3f7b
cb124df1
bde54bfb
8c39f29
faa1a584
61cd09d9
a30635ff
c9a366cd
8e303bc1
acd9c840
723b041a
1841d7f9
39fd600b
90200d49
56a47577
cfc9b9b2
b4f29adb
7a372d7
e6d71067
1201e178
b5eb73ce
eb5158f1
a9cdb4f4
bfbe37fd
f0b66c97
3e62f1
70b2187f
3aeaaaaf
788acb0a
b7f9cf2f
408187c2
88e1f573
229d9084
684b0974
a0eb7a4c
eaec56d6
ee1ad63e
afc797e7
8b326f86
cfe57be8
dc1dd023
ded94ccf
e8a219c3
f77f612c
e4cdaf78
305b254e
373ab93c
1ac259d7
49c1830d
634ceaac
fd594e38
4183eb73
2476f14a
835aafa9
60d0533f
2b913cee
23620a6b
89bd0c04
242e813c
6d3108fc
30b49d8c
2e4a67ee
56c9490c
c1c6a08a
cc192512
8b36c972
734accb9
b4e597c1
be043840
476a1ed4
8b7f72fb
5bc2aee2
7d66e580
bae6a195
66bc2817
aa919771
c5a4d8db
ff5f1c6d
21e8c125
bcf7ee01
e637482d
b7745982
14e76c59
f143d2eb
a49938ad
f1bf3019
aba84d82
defb290f
330299e1
caa499be
c1f97535
312f879d
4e10308f
a40a6ff8
f1b46101
5dfad7ec
a92e156e
316ebe15
81c722b1
91002661
5b5e82c0
567a0706
d0423575
30150344
cf56fab9
9d02914f
6feece32
18ecbdff
fec1bcf6
2df7f075
1df78bf1
c861c726
a15ff9cf
853b2327
1c80163c
498877de
98fca002
7ee5693e
d577aefa
6c82a4cd
a9b40984
361d19a2
d7b64f09
d7a1d677
c000599
c6ed29f7
918a8f4e
f11d32ea
891e7659
5611a59e
8c959f99
1d7d2591
3f9b9c62
8ecf1512
4b5cfb51
b9dff510
4d5effc
eb3dc8c
3f06e654
b3034b06
ebed79f0
74fd7d78
93f661b
b062925d
dc740673
37fb6909
a60c5578
8e9ae5a7
f1da1d69
fab93d37
18bab498
32471d8f
a49540fa
fa1be39b
274fad1f
2ea1133c
270fa39e
90b4304e
9b94116
c2abe62d
4789faa7
4f36ed95
501fddd0
d33c41fa
fb39cdf5
7f3113f3
828eb178
31832723
f2732b9e
abe19c2
d8bd395f
2cfeffcd
dcfdbdb3
301be6b7
fec9f2c7
cce44653
ed6e1c1b
33e83d8d
f9eb0725
7f87f525
d51afeb8
91857a8
b0313a9b
7ecba2a4
663a8989
bc663ef7
c2e8e964
3ec49fe6
a7176ee0
869da5e1
61a75381
ec344f15
6f9c201c
8ca26988
27410c2a
5eadfc5c
ae267c5
5404bb13
a261d2d0
5db7089b
5c591a1d
47921f42
3828657
bf28aa99
f53745c5
507a56de
99463cae
a5f308e3
5ccb3295
726b840c
3ebfd118
806849a2
38ddd46d
4b5db3e
a73d626d
e3d90396
7c8a2b6c
22d8800c
b1c3e200
2aa6a6fa
27c57b20
fdd8c10c
b7cfa3cb
c9ef149a
d6603c5a
98a61520
d72190f
5ec2464f
ed7c6377
218e94b9
c5e40567
984f426f
30d3bb28
c27be296
9d28ed21
8990c4ee
68428768
85fa2011
2b334fe9
34ab0194
8c43cd51
16b499b5
e6607576
e004d3dc
d8ed0192
68959ed2
6fa00e5
e14137cd
bc0da3bc
1a645935
90dea3f4
1e23f920
2b5da41d
19315690
f4064ddc
58248049
1b2d6ed8
19fe018e
e44efa03
d56abd3c
fb953e00
5c0e028f
3ee53d4f
3a5dfaf2
e10b54c1
542771e9
f8b5724b
6b092412
1668843a
7aa30a6f
d216d2c7
8ab8ed44
41a0a4b7
eed225ee
9ebac43c
e32a9a4f
23c3f38
9cdf4121
7c87d73c
3c135d93
2bfd903b
cf7c24b2
2863a86
48c518ee
bec0c368
235d90d7
962fae16
7e1bd7cf
52cd6ced
fdbef187
3129e0e8
8bd63366
202128b5
74879ca8
fff1b09b
fa3b2bee
40d6c9b8
50a1435c
43e9966
5c4ac2fe
5cce7fa8
53d5f2fd
2dbed1f0
cacd808b
3eddc88b
72127007
a973fde8
a36dc994
269e17f4
663d268f
c88f6078
527e0965
2a30a31f
4cc12e6e
3c85a90c
f16d9953
28b44542
8c505672
1733571d
d6fd5610
1fa8490f
c617c91c
46f76984
92b06d95
8179f8ed
94254a08
5966e6a3
536e8396
89c2a02f
b205c647
493ba372
5f9a71ef
e8b4ebea
c861ffe7
43089f5e
55f862b0
e86d1c0f
2bcc2f65
8594be7d
9cfa070d
b76a311f
511510d0
17c2a483
9467a184
44b3466c
67cb8dee
e9dec765
ffded292
b350c83f
d27af658
679e2872
5908500b
448184d5
7f70ca15
43521c6b
d122fabc
4d8a2238
b8d654d
c6bb9ff4
6d10b6e
e6606e9d
995dd03e
3602993b
a2d0e952
617a754a
dfaac918
9dbc38b3
1924e23e
bd889894
ac5300da
b4ff7d76
fb96028a
9fae0723
67d76669
a7176ea8
71d88d77
dd450b35
5db51348
a4700086
fc9a05ea
75d0dc45
cf03138d
14f8e827
f5cbd280
80bba21e
d35a35bb
1f94cef0
3845bf42
d614a01c
25ac7d2b
ec49784
aa3ec0a
a2b96858
ff524729
68defbec
4d13deaf
d8311c16
f23ced29
43de807
bfa984f9
8a259303
bab4a9ba
61f4f2f9
68fc3808
93158ea8
b533a1d9
262cbfd6
8de3c8e5
282f8d35
100e910d
89225d22
6fbc6153
793861f8
4e7d7d76
49ff0e26
26fd425
a12abd23
7ddf031e
b01ce6db
3b264331
7584f059
e50a9bb0
b03072ee
6496d85f
2374a4
696c8945
d1c6d929
ea994aff
3b213916
c8758521
473ccae4
5946e866
8807d725
eb843823
be0026aa
7b543384
1704605e
cf35c734
d34c33cb
9f93d370
a86f08ff
5cb57a36
e228474e
c5351d4a
80648daa
a26bc7a1
588efbb1
b007e095
d2d69b8c
18b890d6
c236940c
c45bd93a
f46a9390
a06ec7b7
c75b4001
9b276fca
4901f7dc
ea002b29
3f2baf35
4873bf8f
3cdfeade
8730956d
e68f3738
7602b965
d2c48eba
4a3c94fa
22c60e97
6e351731
a2270ea3
dee86982
4ea57a0f
d94c97a6
71ebc34d
c2cfb116
72820b43
70a6af62
f621f7d6
44cfdcb1
2f0ebad2
961601d2
498ce052
96cd6c53
eee90502
83849110
13a5626c
fa92624a
dc7bd3df
f9f04e66
972cbcc0
ff7d09ae
c8037023
b910be24
67f9fde0
9ad59708
b8b230ec
98da023e
113e2fa7
6e910028
34a9f215
9138484f
54818bcb
aa9930fc
5faaa48a
7f63f6d6
614a7ee0
84294d
ef03b995
e77156fc
b7758247
ee047027
b33386df
7265c471
b686e0f7
c499eb30
d30c55d2
337f278e
e19dde18
588a4147
82a2d7ed
381de3ec
56cd38a1
d3945d0
f236f4ab
9ccda9ab
76f28ad1
19d22a25
11b08c38
ee96c837
6d2fb330
b367403b
902e6e6
67c9ea9f
c4fec054
2be647a1
98416403
2b8def0f
9ca438c7
34df8edb
2d72d1ac
3886a464
5c7e5259
ce896e2e
de91bd1f
36654bc0
704fe9cc
8bfb7951
d0b2f3c5
63f095b1
b4198fd6
dd524c5a
f3d908df
3b69907e
41a67049
1f596f18
41f557df
137c9e73
aa38e205
ca288c9
9f254307
d4890f74
2cd46085
88c6fd86
544aecb6
93370863
7c8d7089
54bd7066
79699027
e4bb0f
70203d
2a284265
781d3da4
e0d92255
1faaed7b
ab1fbecf
30827fa8
ce435d56
e02d5709
5add3477
43c0ee14
3cdac04d
5e9e9198
30b3d807
21bf3198
9316222f
51d5bd3e
6494c9f2
fae3456d
ec481a8d
32e89767
d95c636b
170fa79f
c0c1f73d
fea91b9e
2bb44269
9b3688f
2b66851
fa273369
40581be6
6501d36e
3e15b6d7
90ada2a9
80c98b90
e8176d11
a61d1aff
4787f79
7e6a1b88
27183f2c
12c525c1
5aca3e79
682a647d
a7086ae0
cccea12f
9e4a0d26
bd15034b
e095fb2a
ba227142
9dd43aec
fcd285eb
a7fda2ef
a0eaac76
22681f55
c7fe4980
5e81dac3
6f42b94b
193cd76c
1dc9c045
424dea97
6174e097
f7be1e8a
e3e2d853
19b49e05
4995b788
d8f14667
3d7380ee
e956de5e
2d640bbe
fdb3f562
553e5c34
d025c480
157fe962
9bed3348
a9a7de3a
1de00b1b
bed1159e
29a5a2b3
edf1435a
40b83786
fae219a9
7ded3856
9a986743
16b4c7fc
73011467
bd5fc83f
709b8d84
8cc0861a
76e628ad
b963208d
6e7d743
2ba9c5b8
ece1554e
686bdad2
98a8a924
1258938b
c2cd9045
cbe15d65
f788e295
25626a89
f6fce2c1
32c86797
7045bf88
edb1e72c
e835a714
7b9ef1c
7e573362
b4d46b38
88b11d40
460a2159
c6645862
b4e48931
e8a780c5
e697e02f
635a0bf9
4ab85a56
eeba7d81
c1ed5eff
3d09af9f
462b253f
56b34de5
145bd50b
8147c930
404309f8
e670864e
2b52acd4
deb0e036
3605c758
60fc1c9c
a787c456
2895f240
1ead174f
6fc1e09a
764facca
9039bc7a
d209e6ed
a5fe665
bbf88ba7
af95fc3b
959f9605
8289c0f1
42d9613a
a12878de
28920224
957bd019
c67abe10
c259e527
d560321a
c5c24baf
dee555fb
829b0ee
3ce81289
9753f8e0
9e3046e8
f51c33cf
dced77a5
f4c11fc6
d8df95e9
98a50171
980d2e20
d18b5e87
ec3093e4
43afc190
c5ff0971
d3fa4e4
5f6c1569
55d29c55
27f2ed26
9535c622
340e8a51
f9f110fc
1f7eeb2
30c2dad6
849bc967
dc481ca8
f787add3
7b30e3b8
41b7bedf
a54807b6
c850b288
ac9a27bc
c7f1026d
c411efe3
ef935947
b60523a1
e398aff6
349de58f
9ea96560
c0662344
2ec79cae
3fed264f
4a81bb1d
a078c38
79fcaf4f
93ef424c
61d74089
6a0829c8
42f62e1a
19ab3289
8761cfb0
562b6af9
7fa78ac8
50891e50
f02810ef
41941ef0
ad9d8181
453ff81e
3c9e4f46
8456b69a
fe951845
f8e6606d
58cf62ef
8a359bc5
9109a3e1
ce4f186a
7391247a
8363f338
af42d3ec
11889f6b
e4db531d
be5b9278
d49e039a
8a96113d
52e00eed
c7d75175
2732c0be
b1e28001
23ad3c18
1bc7b4b6
dff9ea16
cd20538a
e905083
46c3bdd2
2470584b
5d3d094b
ab681b98
9bc48007
1f32265a
91447212
3547591b
c3885c7a
19d9756a
dc7b3d86
b182f842
f23c917b
e258bf5c
e506f0e8
fe02bc9
aebb3450
84140bf8
3d9b2f7d
2791d95f
af8446c3
ffba40c8
b8d63501
99e37c5e
917bb3bd
f1c86df7
f143a34b
6639e380
34c64892
a2dc19cc
397ab2bc
4595e835
e70cc9aa
f42e24a8
f9271bbf
fe07a8ab
6282fdc1
e9731b58
32c38356
97b6c43e
3713897f
32352857
2cca986f
bd76190
e101aeb3
7b5d1a7b
6170c0f2
2b1487c
8a9cf6df
6d2483c3
129e6b2c
2c6e7520
68ed15e1
90799bb0
9938282f
5fefd04b
b1ae9224
f8a2de78
2a930479
40090b94
b32dbb66
2610149d
7c5828c1
5d1906f5
1fa0ca3e
8ab8323e
356ab727
a75e9e57
cd0837d7
3a086640
600799f7
368c11b5
2c1b2f2e
f02e56af
33a83037
6243e6d5
eb9d8853
fb7267f5
b114588b
6eead0b4
22c9f9a3
2f25833
b0caaa51
f68b7dd2
e2283093
e413422f
ca8a1a9f
53e5f6a5
49cd4413
4d547d75
744aaf98
644a5fe7
37eb5fbc
c7dce900
b84836c7
b9b4db11
306abca7
3345e134
66f829d0
5f064920
5a634319
8b5024ed
5db8df35
1b92a786
234868e7
24fb9792
187f8946
f779506a
e902bf55
396aa14a
f61cf31f
7c5c2686
afc6afa1
7ba16be
d97166c1
5fde33d4
a9daeb2e
58c10793
ca637453
af19edab
dd3ad414
853df5b9
5d5a7cb6
4624465d
3c0c7f8e
e7a73228
72ad6403
58af2273
13a46069
3931ed15
c72a9910
20e97105
843e79aa
78984ea2
edfe27b1
3c4dcb38
fbc5c18b
c0f25920
3e410716
9f7d7a4d
86a48724
ac76f952
eb280525
1bc5fecc
658e54f7
ebe22cb9
ee070ccb
9dbe7245
86761656
c0e77474
3e07fd35
3fac39cc
bec0009e
92ecfd01
7b43269
774f8e59
b98e23c5
87aba4b6
28eaa370
a3828e78
f8678f64
bb31e66e
9c3058ef
58b422a6
6f45199b
971aad4c
16d0d6c6
e719d590
d7657a05
d292df19
ac6f49e1
6d7265fd
6da6f51d
ab39690
988eae35
250890f5
3d9ae03a
7764d9ca
3929d018
fc70a86f
e9b3938a
55bb0084
6a503cd4
d61441b5
b6daa8a6
20cf6349
f2878e41
c946602d
835fd3f9
f6bd1bed
822e1bc6
ace2bfc8
fc002446
99923529
f45e9602
dd98de12
298c3354
de9693dd
7028b4aa
d5922702
5d51f661
8a4b4fd8
84a35391
b0060802
278aa6c3
23efa9b9
c289d0d1
6981be89
f5180314
f3b3e976
9916d14b
c788c2a3
49fa61e
568074c8
5ac92c12
9bcab81a
22742616
7f2a717
79a7b7f8
af19a132
5ebcd308
4aeb2145
a3d9b46c
dfcf98f1
b780d382
82685097
a4cd49f0
133aa96d
f00f69ba
1e354ad8
95ccb9ff
2f2b840
e0150ae4
5f5759bd
c2dd0e70
faef2199
e17845da
42de8552
fa4622ad
1e43b1c7
f62fa0ab
25e9afd
ea9c1598
446adaab
7f52629f
2583151e
1c9e2875
cd5ffcb4
33592cb6
5671f636
3b275160
17cf1c9f
973a5aae
a1f19180
7d5bc035
4347738b
60e045a5
e884b7c
5b3d52f2
2627da8f
b5914baa
efaed22f
741fbd0d
cee3a779
e9c32554
9daf24ea
76b4b57f
418a0dee
102de37b
9f6f8d88
a3b0e2b6
1130491
285c0f9b
500d8399
628d7635
5e29181e
c1df4dd7
ea4e35ff
ae4b931
dd78f4a7
de867b27
1992553a
30a65b1c
632940d3
3e970298
ce5ce248
e54ecf6f
e6d90daa
df0b36e6
91444198
ad1bef6d
59b76efb
3d444405
a4fa4828
fd368272
3ccfdbbc
fd995661
30f72e40
b17d9420
6f13f015
96b83d6f
d25d7c06
cdfb936
89b1ebea
f01c1af5
2d829d38
a628739
c3347a6
cb3eb12d
8fcec875
339fcc9d
a4313138
22ffd528
5f78d47c
6948ce8c
c4910000
bfb96ee
7c0718da
502405b8
4c44041
20ad3247
dd792b0f
b980e9ac
72b584bf
9ad90283
4d34ce78
cf20f165
ffb0f21f
c68e5f29
c69c2fd6
2db58b2d
2fd739b0
221cabde
528b7240
b196574f
b281d243
89968ffa
fd524317
79a67007
c7d6147f
728a150a
e2f741aa
66fe2a8
33caccfd
41d1fa66
fcd46f86
85932cab
a936a7af
d889fbc1
19f08a1f
5311cc71
5c62dca7
5c6c59b4
1fbed612
c9bbe794
ea923c45
fc9ecd89
7def030e
b031b1b9
d00bf202
ac1fccdf
618831b3
f98a0abf
d962d213
680f352
5c325991
bfc4b894
36391c30
124855f7
f242dc03
3d8cdcd4
18483a2a
aa5e9638
3d385a8f
47f10d44
4c92f411
da23ae1a
25c4d3ae
b8d9ff26
a5c1bf5a
f27901f4
18ebb23d
ba884f24
ce6dccd1
a51cc0af
a8d4e2a8
9d84c11d
1cd247e2
57555a0b
a2719f46
674fef03
93574172
9d1eb91b
152055f7
b842bae2
1551aabb
bcd62e3d
5cf8775e
7d612b65
442f227d
ec14ed04
5258998
ae2121f8
d17a0576
7c0373ec
a4bce352
62ef3814
24c4000d
f12f39e5
5605a971
f4c76b56
542cb19d
9993b124
28fb16f5
dc896d2b
3972c89e
5a2f3e98
52360850
609023b1
dc6dc93
979db282
bfe5fa8c
ea96e4a9
fa9adbc6
1e8e509f
85371355
bbf5d964
c4f25589
8a88edee
6c7e6712
5b19a5f0
2fb0b548
e48881e6
bd984518
a597cb5e
21ab3d34
7de0e190
37c16877
c63a325b
443de4c8
82fac974
f81e3eef
a2d8bd10
94782d61
aafe00f6
94730617
a6e7c423
bb5f8b6f
460978f7
d088eba1
4455f233
28d5c236
d3c46096
2aad99fe
92f16eea
7ec615eb
385e76e4
54dbdb37
33f5e953
898def3
ea4a9d0b
e50b9131
612ea06a
1ca0a737
1962ed28
92d85db7
df5cbbae
1fedb320
1c444a9a
4d1eaf36
b984cbe4
c521f1e3
42c919fc
cd1a76be
350d5b2
55b1ed9a
72bd3abc
7ecbd3eb
db279b6b
7b22f489
88940dfb
524067f0
c9a9722e
1b10e5ed
bcc8682e
9523764d
34125a45
683076db
7441354a
ed997791
afc434b
652b7db9
7e07e3f6
51a4592e
7f62ccc6
4db707f6
dac19ff8
6fe6a46a
12268af6
8a58ceee
f3241f7b
453b2736
79c0ad6b
9e12ee02
e2b58bab
6593edb1
cef6cabf
6b6a4cfe
aeb5bd0e
a62c2e17
89d5f3e4
360d6496
93dca5f3
901a602
30e99359
74f0240d
b2d4ba2c
4b442c95
6797e956
1a974a4d
7501802a
37fe43f8
4ae9a369
90f6f99f
60773722
27b6ea4c
2b065dc4
4ee3bee2
3b757e4
64e434a1
eb3dd9d5
58ae9e11
9401a3f2
caa6fb98
8d48e53d
45e5024a
65687de4
4642b051
214dd738
a9f081c4
e5ad1a7
6c113961
2f6bbaf4
f8433322
12d85d28
67c3fe15
36fdc072
9c26cafe
646466cd
c696f1ad
4c0a0c7c
f3f7b172
8a603a39
61c4abad
11710bb4
2d711fcb
dd5b9982
592c0cc6
54765170
3fe9674e
ae98a7ac
6563e595
681e018a
b093cc83
68577729
be30b461
83a5b227
65d40e05
ec60c798
b9b2fdd1
d34ce724
1d9cb0a8
80a676c9
bd6ed51d
c839fd57
3c6b76d1
a504a1cf
5c660d22
a3590cf9
d9a50bb0
842297d5
c01107c8
49fc25e5
15cd365c
ed7dcf80
342dc0ca
b6a451ca
7172374a
c8932ee0
c6790cc
2c3848d3
79dd13c
eaa26403
de5e8dfb
70fcb804
99abf51e
4fd959bc
fce699d6
7fa212b4
d0326d1f
e2340460
2de998d8
562a9f5b
d0221ebd
ce3cdc8a
af89fa74
255db726
cbb00fff
1b29aa0e
9dfa8c25
621237a5
8143b1ec
91617e2a
4bc21103
90de1bf4
7e237312
2054ac0c
bea767e
4b68dc0c
953b19a4
b89644c4
1418ddf3
fbeadfc8
edf21713
89d68bec
a338ebe9
c391247c
9dd554f3
a2a6e997
65f63384
58be419
a69625e0
9026b280
9c5edb8e
8e8c319a
f5324723
765e094a
25167249
e9121309
895c72e8
9ef52c95
5ed16287
5111fca6
b77af3b7
e63d1d70
273bebc9
18acdd1
11a991b0
8051ae07
6d3e0edd
dfa16270
56005600
6bba7b17
c84954cc
8e2051a5
c7b42d15
7e3a2686
8f9ccf4b
232c4716
c302096a
6487ea3d
f5336611
b80e06dc
f7c1385f
b4e364ff
473d9485
c76f9d3d
ea853329
1854b2ce
87f5a674
4734fa9
d38a82ae
762f6326
51f9995c
aa3d14fc
a2c60ec4
ff3997f9
74d5b748
9ed56c96
efa753b8
d19536e4
e83d9904
d422d2c2
cc2dec76
85905422
92eb8a04
a3cb6675
cb219fb
c99b5eab
b35773d8
73a7561d
829c72e1
ee16f771
2a298ceb
640719d0
e0a3359c
50b5c8e1
cea024d7
9ba39acd
114d2134
eeefa438
ab3892bb
aadb7ea
acb6d449
1695600d
48218a3d
b62acabe
fd1ea440
c22f2747
312b2637
411711ce
5bd391cc
daaf2a74
b6a37653
c541c7f1
9787b431
6c2942bf
46ec76d7
faa9f3a2
4b20113e
53af9341
9b7b09d9
5dff9899
ae19202f
bfe0df44
466600f8
f112a239
92c4cbc2
ccad4968
421591ef
1159d99c
46207d82
1c5b8d0c
f4591704
80ae3f79
2842d45d
d2bbc3be
de3630ba
5c578c4f
50e91c38
6b93974f
1d305ca5
3989aff4
28670636
f95c6a7c
98250ab5
4418de45
88386073
6b517c91
7777ebff
bc0b9fba
c05c8ec6
63789e92
bf80bfcf
2ae1106a
dc079674
a7b9f937
f31ae142
a92c1b81
e779a288
85fe7f9e
ad3eca16
5de43576
2a8ac935
b207a201
b5356e12
41bb7591
fcd8a533
1424bc59
65033f05
ccc3410a
d57a747c
3a42c894
55bfe36e
e4153d38
85f66a13
bcd63334
342a1aba
68aa5eb4
e3f01ab2
b59925
88c44271
eb6859d
e7a422da
41f64ca7
61e00eb9
8db2375a
8335c7f4
ffeed8f4
ab62e403
162c3158
4e17d303
648d8241
edbdcd37
e0f5d1ad
e7e9e1aa
6ad270ae
241b7989
f64b0bc0
9c633841
5867fe43
46fae619
359dca2f
ae0d358b
a324596f
198fb950
8ac867a6
8c53ef55
e9e77a11
bc8ccadc
4bbea476
ac86b691
1524d0a2
301a0b6f
dc62cc7d
43b034c9
cac18aaa
1ae3005e
54d9c8f0
35eaf7fd
22604f79
b14ead28
b71f3da1
9c7da106
b7b25909
6be20371
fd7f1868
ba0212a3
e90aea1c
1e12c56c
b69961c2
fa36815a
ec6c1519
81b94146
de09b7a3
39430069
71cea91
ad91be3b
28334a0e
5f41dfe5
a318cb23
e356a097
e38b9d58
b33bcc96
8774d14d
92023e0e
33108c38
bf681f7c
a1514121
60c27f5b
f8c49a06
7fc4ffe0
84972d56
be1bacca
77641d5c
8cb01a7c
e87f7006
bb14cc0b
d5f6e4f
98a194d3
3f9c2aa3
d2e172ac
b6dc924a
9229582d
d36bf2eb
d788cc30
8cf1574d
cc101189
84a38a2c
be53fc07
a7884b03
16849008
bb0ad198
5c13c869
3fe7f4b4
5d3c7f83
1f57301e
f230d633
c2688459
2e6195d3
774405e9
62030436
5d362e14
15bfe1d9
b840d412
dde15fc8
1f16f465
efd0da20
c5fd4be3
a28905e4
4097ffc5
85675fef
2fe37797
3622f24b
fbf06483
881f7335
6a6dea22
776bc7a3
18368d2a
a97dd076
613c875e
303f8052
7bc3200f
5a7241c0
6bf3fcfb
47a4ac8a
fcc1cd0b
c792ca4
44a3429c
1ef04093
a71fa70f
b3c8118c
91312b33
d930a968
b85d82ad
79de199a
a0baa1d
99ec85ce
ca2df45f
c78e3620
f15a0f32
e2aaee1b
dc3def24
1ac020e0
31c039b0
6174d8df
e0bf153c
ea6c71f0
4070c39c
1b58f8cd
46499537
12675054
3f54ac54
d6220981
a0b39db0
3fa1920d
ace2224c
8029891f
11709ae9
aa004330
d4990b74
1c0fb558
20b0067b
27486120
ca1742a1
59ee1060
d7d86c55
60b4172c
18a936d6
20aeb95c
d486604f
4b6a8168
829bcb93
a88940b
667cb488
d73b3b15
bffcf34b
f06de0ac
f9c617b5
41cdc3de
5a569bbb
d43e322e
81034f3
495b20ba
6bc96a09
da164050
ca582580
c1b84cf4
f113cc40
e0ff578f
80c8b83b
92a440c4
ab868311
2171a54c
9ac7633e
692af51d
fef93d69
274c0709
725c70a7
27c3de25
dab001da
1e75a508
275ae02e
f1fc186e
ac6ed2fc
6ffd2d37
8b3702a2
6dfb36bd
85b38f6c
dc09207a
f2aa4534
1598f1a3
829d3ce4
f8adf4f9
ad8b2070
d31e883b
224af194
2d4349a5
d1c21f40
62137e30
f23cd210
ab677d73
d4b21963
b4305a66
a8cf9039
7ae09b7a
d56d9078
8d1d580a
cd5c85ca
4d037ae7
a63b2022
322c885
11b63066
122ae378
4fa6743d
61a841e2
464e0d10
bf551b00
26737385
7566cf42
3bef047
6abcd92c
80bff7da
31364e1c
7da47e3a
c90323df
9e5ccc26
ec65b012
fc8cfe8f
938a4c32
72cdf532
8e14b91b
2424d69
d41b28b5
c0ee4982
f7f8c4ac
39c962b4
9dd8ba88
5a8ecf0f
8a4d833
4d49d1a8
fc12eba5
9dcee877
9bb79a5a
e7072f41
e68c59d4
247374a0
12ef26b6
c209e70a
4f6b82f7
308c4763
47a36a55
aa18e57c
24de04a6
b48b2d82
dcd901d4
ff2ad8ec
ed799cf8
c1638930
3752a86a
b8711dde
23edce4
927e152d
39a5487
fc385306
d77e2cc4
9a691f22
971a4481
49ebbf8
4928b929
e97a2601
bafde8a5
feeda876
859dc051
31a6bcf0
68bbea17
dace6afa
c6fb6d4d
8027ca96
c1d47c5f
1d9c9953
a924b805
b875403e
fc87bd13
fc3645af
763ce5b0
6bb03139
ce556a9e
d9af53f3
2aef0b55
10e393aa
f56cebb1
fea4bc67
58fe7ecc
86fd1ad3
fb2ba499
b426a44f
5c9f6c9b
e48d5926
29aee0c3
9ed59fea
c6740a85
d12394c9
7523aad2
e8bca012
b627f99f
33bdab93
e5513261
67fa3e4f
b12deef8
5922ac59
93910d48
50a8f030
79e33536
4956a391
15f9e82b
437bdc6d
f2b1149e
713767d4
bf7059f3
7e77597
53933ba4
212a38e4
6e058925
77331f33
781dd056
cb8c0bae
dd9e1c34
fbdf5782
516a4535
fb136764
2d613e8f
43d12012
532db508
87e6129e
efc8fcd
8835628f
cb71a960
9b733977
328512a6
58aaaaa2
e2fc2436
b650c09b
406ab22f
181d91d5
f7651330
f93924c6
51bf3d0a
44d8a4ed
f213ccbe
b78b010f
5c8c3fc0
639e27fd
e920ff11
61741ba5
11b7ba1e
c647f4b4
de547c98
b54f1ebf
2ec7cd6c
b094262c
e09ca9cd
4af2325c
e6d78fca
d749d8ea
5c898ed4
d9f9b915
ce943d97
e112b7b5
3ca84287
d35a4e60
fca599a2
4314dafa
163af863
f9b94501
c5cfaa4d
6b2ea66b
541ab620
d8c73af1
45ebb010
13dca274
3ee4edd5
5b890d79
2b6d3c9b
c52e6815
7f229888
b6757bc8
322af989
56c24864
f1ec507b
8d66b7bb
fac8f894
5e274ee2
aeb436ee
89d3f49f
e6ff9daf
971325e3
8b85f29c
335cb6f2
2f38f88a
1f07ae5a
9113d57d
2a22c33d
cf0680e4
ba2c0f3
d15f9908
78aecc27
919cd6d5
1b094050
dc4a4dd
34f0f4c3
428ccc03
1aa6ce11
bea04e03
8503edd8
468da40b
9c32d7a0
7988c655
9ade488e
4739a680
9811899
3f888230
e4c0d124
5905ffca
117466c9
a4a74664
5b8ce733
12687633
b545d108
c4363a48
bee00ac3
de535b12
e26457db
21677d42
a06a68a1
23c2a9eb
813a634a
2c1b65fa
346e8521
65c445e2
ebea0a6b
8c474777
f19f9eaf
bdaaa6e4
6fb781e0
e12c2e97
8ca3bf80
89a96f07
175bab11
ec49b7c5
13b2100b
61b194ec
73558dcc
fae6a7c3
12ed60ab
eda6fed8
6b1679ed
464f5cb5
189c03f9
3998853
85d9e4c6
b6ea127c
a4464093
8184bba1
eba46dcd
7367ff56
7dd9d518
9442f12e
62e48f29
98f275d2
efd48698
74aa5aea
85baf9
b7a01921
bef2bb39
a17444cb
9fff585e
57474445
98f1d8cb
ffe78496
4699734e
83ecc472
4866182f
b5a0ab4a
a7584e92
211c972c
d52a95c6
f216d5af
50bfa9b6
eed00fb1
64f09044
547c04ef
e8a2abc4
49358194
848f491c
62acb28
bc6a8a16
8f9a04d0
a245453b
b01a499d
93cdd137
e0c968f8
66fdd2e0
3ea7b7bd
7c962d78
c76ee186
bdbc1beb
e676a65f
c7af2fab
27f34c3e
78c72e1d
17673531
b833a701
3a015a79
ec3cea1b
a416800a
bb5284e0
e9022250
57c027a9
da0dd456
5521a17b
b5dd12de
bd669c53
b93d8515
cbfee130
d15444c5
f4de8bb
79f6c780
8fbcb3f7
21f97bf9
9e12c610
fc035965
4af0e505
7bb5a2b0
cae55c2
770661d0
f73d2ce3
74aeb4a4
c9362deb
39b99534
f1b0b0d
d9f91e68
f3c853ef
e5e88385
7e607e2
ff7ea5f9
cdf2fb81
ff5e18e2
e0867b13
bb92ed34
d0d53298
4f04c812
5f7cc3b2
7cb628b2
f19db670
bde700b8
c17d97e0
1f20b546
ebd00509
38cbf3b6
ceb3849
99afdadd
33ca990d
f3bf1450
1420af51
184e4f5
e1e95089
ad084165
143b29be
6a1805d9
e02e27ff
691a1ac
bfdf25b2
56f2abaf
2abb8fbd
9f6637a6
c8063915
1283fbd0
d2230642
1020e643
b59311a4
cb39977c
622d7841
d8e27669
a1ff42fa
7c42822e
6af982d3
23da2ad8
a8857acc
d688d340
a8975ee
ae6d28f
af031d69
ce5f8126
23abde7f
676ad93e
f02332a3
70bb5251
aae4499d
c8ba4ce3
8c9744fc
cf11f790
c7cff2eb
22687055
6db7f8f0
43957840
6ede4e7c
4acf1de2
6be5192e
9f088f91
f7ad0672
68cfe7d1
3915d98a
3a22e3f9
232702dc
30ddafbe
47d8ffee
a74e0fa7
f2dac9b7
7ffc6091
c2a7c392
d8d23186
120e23a1
4f687df3
3cd0ee70
d84347d
f4e37654
1c4e2df8
4fde5670
11f27306
594c42cf
22c4a124
42bdca13
b0cc3597
93ca30c8
96295671
f45a6efb
87f70668
929cd75f
845ccf6c
c5d091e0
3eabab3
8342038
e8ab5813
76a9fa9d
cb19cff5
3d6ceddd
711a802a
b7f021e6
b5c14bba
52ae4bea
a22c4709
bae52a23
4d714d82
183d1cd
1ceec753
63ae20d8
82066be2
41116ab1
c3f5b7ba
654f8f0e
87afa2bb
7cecf8c9
22e534dc
1aafd8a7
80976d5e
249122c3
b467df77
4ce601d8
2cf94e69
d3a649e7
15bc3754
6ac097c2
a336abd1
274672c
638b67c3
f63aeb3a
a7e7326
e4042d64
a803feb3
60b289a
6c112a9c
4b5d2078
a139843
2251370c
e6adf5f7
80f4fc69
2d4bebb4
942cd081
978596a0
37adfb10
fe632de8
e64a08e1
a10eca4e
36454911
c9023c50
71ab3513
66edbd08
558c7100
554c77dd
a80d3bf9
6dd42901
38629b1f
14b5cc8e
6ba0ac3a
632ea34e
a74a6191
d1368d94
6a737244
57e3a0b8
bb5620e5
dd092d01
55f843f6
ea0aab84
b4f63f56
23615d03
7b4f9135
8604b3b1
2c549ab9
804097f5
46f3e36e
3b43ee3d
45000c79
7bd2af73
7ebdd3b5
502b3a13
f49a2d34
67154a92
712a511f
f6172621
90751978
83240bc4
aaae0929
bf75d702
a3e23fb5
6ef7ead6
2324aa3a
d9136824
b6b354e5
17973571
289a67c2
6f841d34
94f7d699
67c70621
27b85dde
2c42b82d
7756af67
c3f12204
b8908367
f9075c72
c31c67fe
4748e640
1239205c
4e64c8ec
754165fb
fe5d9ddc
cdbe6de2
bb1062b5
447b22d7
68d66c34
80b59519
2461f80c
4480e853
1a10fd10
6bba1317
59822ed6
7b16a0cb
15178d4f
c127637b
563b3668
c9775499
d4449735
c27b8f55
f9ea06f6
b22c62c0
732a32e2
f7d9978c
2aee3c59
7fdf44fe
3969eb99
581692ec
1a6fd32c
33b72f86
607bf4de
9302b6b6
2b465c79
b4fff8b
f3aecdca
8ee0ed98
d4c1410c
505847eb
73ee4832
df779edc
848b5f56
e3dbbdf5
4aef3bf1
50e1655f
f1d8498
94e56f98
797627e7
264ea4bc
8460319e
a447780e
ff683327
65a6d429
7434b5ff
1c15e822
fe31fb8c
86ff82bc
5ae36ada
40b1a5d2
a6cb9192
b31b5e8
162aa017
25808fa0
c7fe4bce
345d4c5f
7d6cd8a4
c46d7cd5
bcc2a14
50fe8000
e0136d13
6822de44
68a0ef21
6100c383
59fba1b2
695500c6
33447487
b6ae496f
149edc2e
d90fdc9c
27fd0d6c
28fba569
e611ed69
223ef1dd
177d733d
71ddf790
e050d9ff
d5d448f0
c92136d4
c73231c
d88675c9
23e30bcb
ea50da91
553afeee
b6c02e49
db8adebd
3bb60486
842621c7
f1efa665
13a4096c
19a28581
fcf9f2
5f80d6d0
42e328a1
da44f56
4bbee62b
c51f6fa1
f1f6af6f
4a324730
ae5d00f2
757989e8
dfafb12f
8e6e63d6
d2f6805d
a3be69a
89c923dd
6c1b8ac5
1dcfcb9c
619560b2
f43d6f39
b0093ffb
55647528
af9c475a
2498f9cf
8e8ad2f5
fac10404
5cddda71
b533eb4b
3e47882a
6ba84882
6ec4f571
6c5fdae0
80368a2e
a67ce1cb
eae19ab9
51059aea
dab5a669
10128a51
edc434aa
84207c4e
7a07ee2
8052647d
59533586
4fc9979a
bdb0bb71
e01c2c74
b0e34c7b
7543119
d6a9add0
12e5c18a
488a63ea
5c74233f
a536c87
ad90f817
a13131b1
7466a8d1
b093f4b8
d4f09e6
2a3e5d18
a180e7ee
1889819c
1463c96c
ce171bb7
fa86a4c0
c9880d6b
664b1212
7155c2bf
35517ba8
2f46e2e1
73c0d078
1492e826
7949c525
dcde8698
cf0b071d
e3b0708b
ef0bfc3a
f227036e
c5a6c03e
1f26c02c
64ffe8ae
cd97cb4a
fac03eec
8e093011
ba95bd50
12f22e55
8dc82785
167b0711
ecaaf359
8daabbb6
fa76715a
2c41e982
6d941e69
ecf0333b
dea70c16
f36743a6
f4c4c0ff
ef0ef84
ffeb9cfa
1f95ba80
5a4a3288
e8d5e812
5a0dff50
ef2346b7
f2aa7ccd
26ded20
ee282eaf
d6a25bbc
4d18c393
8ef72bbf
cfa9825f
6f66c46e
435e7e56
b3f24349
1b50d388
fdca759a
610e69f
5dac601d
e5f04cd0
a6d4d89a
c99da942
c5bab7c5
d7f19c5d
13822509
5ff0a279
50c82f99
24d8c02e
f4076836
3e85a7fa
ab8059d5
7b82a94a
cf708192
8fe92d1c
e1af75d9
79ec8883
4e73438a
31c5142e
fb4f09b6
b08b0ed1
2ebf107b
b14b7f88
4014d623
3fb6341c
3e5a7e3b
dc16e9da
d8115798
9324a781
d92a230d
d49dbad9
98e74e8a
435ce75a
92147522
fb888d63
7ed8ac13
9c35ad98
bc8e4d80
2d20fca3
23a36cd6
30bf61fd
eb120cd5
4bd7c323
646ddefb
6aa43d97
2093f41
f8709af0
8dcb3bcc
824a1fdf
b0ee7dd3
ad432fc7
29e64978
dd5fe675
96f80a7f
e318ba9b
775513d7
1c996267
20ac6870
258a8519
476c902e
c2b04975
cf70bb20
e4655d3b
f6ec66af
7d1ba7db
e4822a5e
d7a20e69
73d6b501
f4de0ace
bf80d7f6
c56936d5
ebcde202
993d0c79
4a73bec7
919291df
4ef65442
db541e66
f62bfb9
7ba1064e
2668f8bc
ae290aeb
231a85cb
195496f0
3acc0e32
a1befa4c
e6286728
3122d1f5
492aca5f
de6e939d
89267000
257cd81c
c44200d0
f682d3a4
c0897224
d9f2e6f2
6ae0881c
f1dd8dfb
de70b31
24eb48b4
1963c6aa
4300ff8b
2dd27422
d18076fc
3e81afee
a9ac7a8
1fee3016
9fc4e430
30e79647
b7d4f170
86b91c6
d862734b
19e2ca3f
14627ca
d5702632
707eeed3
ecdcb37e
ee5e1aae
27a1bfde
91aa6622
6fcc9c44
2dca8fba
cc5bcd8f
73eafd42
63d62bbe
eeb26c41
bd85c715
df8cd767
9154e0d3
ff3166c5
7056faf
5598f3e1
232e43f7
e8f4acf
3d5a039
b0f173a2
3c7edebc
35c08d9
ac4b7747
61b1021
a305f4cd
7c62608a
bbe25bee
37f24d37
3cc13723
b3fc43c6
a6d30994
37a7ca01
4d8b4636
14d05161
e670c5c1
c50322ee
a47dc85f
2bc750c8
3fa631e2
60e9e2ac
26afdd4b
4336e292
393a7b28
2fc975fb
b24ce3c5
b9c2591f
ed59f169
23203ae5
37a037f0
8c461e10
fdb15149
40fea22f
19a86cc5
f2f7594f
9ea753e1
3bfbc556
312c7f31
a7e86a66
fa5ad7b1
e062aca6
bb769a24
5c5a8d0
8b8d28e5
e3b5c32d
60d56ffb
e13d5e86
c144223b
b5daec
8f00f3ad
343b2da7
478e7036
f2fe78ba
ef689ae6
e321e9c2
7298c383
96682e0e
5da79c2d
d6dee934
c512ba93
ac6225e7
2a8e8d9f
846debd2
afdb8523
c6bf3edb
78d0fafa
6c83c05e
6b315f81
39185a99
fa671c39
445b6cff
dfbcdac3
9b0e3d63
76f071ec
26983c02
2c80d2fa
61e9570e
6099e656
42e11074
6b7909a0
4f50e449
49abbd3
a4a76fcb
1b54ddc0
ca6415bb
f9f90ebf
82bbd9b6
e9821dc9
17196072
8fb53db1
9c74bc35
10abfe5d
13447145
e4b45625
81b9502d
5fc5d109
3477645f
8cdcd91e
d42ba830
b6de9e8f
bdecb0d8
ad4f40a7
8a8e96d1
5e70a1a7
f744ee25
df5993b8
aa5bf004
9216bd9f
614976ca
13c4e303
c6f77389
b40cfb6e
d7e840e9
d48dac13
e9198b6b
4aa3a705
3c43f7f2
e7acc6d1
8ec3461c
68798607
344247d2
19c0de9d
37d6abd6
9c3c9920
22a0b000
7c23e997
2389302f
e506fb71
7118b993
a7855a32
44fef228
1378142
ea1ae8e4
481378dd
2f00b08c
fee56342
f85e18a5
41df3035
c47bde1b
c955e71b
8e1b4578
d0b2b1a4
75a7b5b8
ad16e6c0
6f4b549b
40f2b44a
46c34229
358c30dd
2b0d7d9f
a9ba5a0e
2e2ca89f
bd50268a
c144ff30
56bf85bf
dd4b2014
6cda6b67
658c3d8d
1d0bdb34
f345ca21
c1f46291
1ebc02e6
16db657f
450f4c67
965c701d
ca064017
ca2bf832
e8b6877b
1ebda9fb
86ab757c
2fba63f7
95919c95
cf5efb1d
da22ec69
d651cd67
b68b9845
2ff8d547
9b2b46d3
3ac7e03b
933ad123
50585d41
113a1a83
5573f9f1
a1fe7430
a3ec28aa
e9add3a6
8ca17f3e
703b5bff
7a5b4a5d
486850ad
17c5fef3
e8f247bd
d43b841e
8e910f02
645921cb
e025b4b1
7f0cf160
cf34d480
eb517132
48b08f3d
99dc325d
62e3267d
b19bd31f
827c2bf7
1d7ccae5
7ca43541
c9d86596
7cff9e13
e9b40b90
ad154e0d
2d5b8d3b
2beac68
7e9bd1f2
80e869ec
4325c998
f929dd01
fbf65c0c
37fad91
